Using pre-set license
Built from '2020.3/staging' branch; Version is '2020.3.16f1 (049d6eca3c44) revision 302446'; Using compiler version '192528614'; Build Type 'Release'
OS: 'Windows 10 Enterprise; OS build 19042.928; Version 2009; 64bit' Language: 'en' Physical Memory: 16212 MB
BatchMode: 1, IsHumanControllingUs: 0, StartBugReporterOnCrash: 0, Is64bit: 1, IsPro: 0

 COMMAND LINE ARGUMENTS:
C:\Program Files\Unity\Hub\Editor\2020.3.16f1\Editor\Unity.exe
-adb2
-batchMode
-noUpm
-name
AssetImportWorker0
-projectPath
C:/Users/mmcfalls/Documents/class intro game dev
-logFile
Logs/AssetImportWorker0.log
-srvPort
58931
Successfully changed project path to: C:/Users/mmcfalls/Documents/class intro game dev
C:/Users/mmcfalls/Documents/class intro game dev
Using Asset Import Pipeline V2.
Refreshing native plugins compatible for Editor in 182.62 ms, found 2 plugins.
Preloading 0 native plugins for Editor in 0.00 ms.
Initialize engine version: 2020.3.16f1 (049d6eca3c44)
[Subsystems] Discovering subsystems at path C:/Program Files/Unity/Hub/Editor/2020.3.16f1/Editor/Data/Resources/UnitySubsystems
[Subsystems] Discovering subsystems at path C:/Users/mmcfalls/Documents/class intro game dev/Assets
GfxDevice: creating device client; threaded=0
Direct3D:
    Version:  Direct3D 11.0 [level 11.1]
    Renderer: Intel(R) UHD Graphics 620 (ID=0x5917)
    Vendor:   
    VRAM:     8106 MB
    Driver:   27.20.100.8681
Initialize mono
Mono path[0] = 'C:/Program Files/Unity/Hub/Editor/2020.3.16f1/Editor/Data/Managed'
Mono path[1] = 'C:/Program Files/Unity/Hub/Editor/2020.3.16f1/Editor/Data/MonoBleedingEdge/lib/mono/unityjit'
Mono config path = 'C:/Program Files/Unity/Hub/Editor/2020.3.16f1/Editor/Data/MonoBleedingEdge/etc'
Using monoOptions --debugger-agent=transport=dt_socket,embedding=1,server=y,suspend=n,address=127.0.0.1:56840
Begin MonoManager ReloadAssembly
Registering precompiled unity dll's ...
Register platform support module: C:/Program Files/Unity/Hub/Editor/2020.3.16f1/Editor/Data/PlaybackEngines/WindowsStandaloneSupport/UnityEditor.WindowsStandalone.Extensions.dll
Registered in 0.015132 seconds.
Native extension for WindowsStandalone target not found
Refreshing native plugins compatible for Editor in 159.32 ms, found 2 plugins.
Preloading 0 native plugins for Editor in 0.00 ms.
Mono: successfully reloaded assembly
- Completed reload, in  7.025 seconds
Domain Reload Profiling:
	ReloadAssembly (7026ms)
		BeginReloadAssembly (266ms)
			ExecutionOrderSort (0ms)
			DisableScriptedObjects (0ms)
			BackupInstance (0ms)
			ReleaseScriptingObjects (0ms)
			CreateAndSetChildDomain (4ms)
		EndReloadAssembly (2448ms)
			LoadAssemblies (256ms)
			RebuildTransferFunctionScriptingTraits (0ms)
			SetupTypeCache (847ms)
			ReleaseScriptCaches (0ms)
			RebuildScriptCaches (324ms)
			SetupLoadedEditorAssemblies (929ms)
				LogAssemblyErrors (0ms)
				InitializePlatformSupportModulesInManaged (57ms)
				SetLoadedEditorAssemblies (2ms)
				RefreshPlugins (160ms)
				BeforeProcessingInitializeOnLoad (81ms)
				ProcessInitializeOnLoadAttributes (449ms)
				ProcessInitializeOnLoadMethodAttributes (179ms)
				AfterProcessingInitializeOnLoad (0ms)
				EditorAssembliesLoaded (1ms)
			ExecutionOrderSort2 (0ms)
			AwakeInstancesAfterBackupRestoration (0ms)
Platform modules already initialized, skipping
Registering precompiled user dll's ...
Registered in 0.054156 seconds.
Begin MonoManager ReloadAssembly
Native extension for WindowsStandalone target not found
Refreshing native plugins compatible for Editor in 1.31 ms, found 2 plugins.
Preloading 0 native plugins for Editor in 0.00 ms.
Mono: successfully reloaded assembly
- Completed reload, in  7.981 seconds
Domain Reload Profiling:
	ReloadAssembly (7987ms)
		BeginReloadAssembly (987ms)
			ExecutionOrderSort (0ms)
			DisableScriptedObjects (23ms)
			BackupInstance (0ms)
			ReleaseScriptingObjects (0ms)
			CreateAndSetChildDomain (98ms)
		EndReloadAssembly (6506ms)
			LoadAssemblies (685ms)
			RebuildTransferFunctionScriptingTraits (0ms)
			SetupTypeCache (2602ms)
			ReleaseScriptCaches (2ms)
			RebuildScriptCaches (315ms)
			SetupLoadedEditorAssemblies (2297ms)
				LogAssemblyErrors (0ms)
				InitializePlatformSupportModulesInManaged (27ms)
				SetLoadedEditorAssemblies (3ms)
				RefreshPlugins (2ms)
				BeforeProcessingInitializeOnLoad (436ms)
				ProcessInitializeOnLoadAttributes (1765ms)
				ProcessInitializeOnLoadMethodAttributes (25ms)
				AfterProcessingInitializeOnLoad (40ms)
				EditorAssembliesLoaded (1ms)
			ExecutionOrderSort2 (0ms)
			AwakeInstancesAfterBackupRestoration (52ms)
Platform modules already initialized, skipping
========================================================================
Worker process is ready to serve import requests
Launched and connected shader compiler UnityShaderCompiler.exe after 0.28 seconds
Refreshing native plugins compatible for Editor in 1.22 ms, found 2 plugins.
Preloading 0 native plugins for Editor in 0.00 ms.
Unloading 1398 Unused Serialized files (Serialized files now loaded: 0)
System memory in use before: 65.0 MB.
System memory in use after: 65.1 MB.

Unloading 18 unused Assets to reduce memory usage. Loaded Objects now: 1831.
Total: 13.161600 ms (FindLiveObjects: 0.304100 ms CreateObjectMapping: 0.145600 ms MarkObjects: 12.499400 ms  DeleteObjects: 0.208300 ms)

AssetImportParameters requested are different than current active one (requested -> active):
  custom:framework-win-MediaFoundation: 216162199b28c13a410421893ffa2e32 -> 
  custom:video-decoder-ogg-theora: a1e56fd34408186e4bbccfd4996cb3dc -> 
  custom:container-muxer-webm: aa71ff27fc2769a1b78a27578f13a17b -> 
  custom:container-demuxer-webm: 4f35f7cbe854078d1ac9338744f61a02 -> 
  custom:container-demuxer-ogg: 62fdf1f143b41e24485cea50d1cbac27 -> 
  custom:video-encoder-webm-vp8: eb34c28f22e8b96e1ab97ce403110664 -> 
  custom:video-decoder-webm-vp8: 9c59270c3fd7afecdb556c50c9e8de78 -> 
  custom:audio-decoder-ogg-vorbis: bf7c407c2cedff20999df2af8eb42d56 -> 
  custom:audio-encoder-webm-vorbis: bf7c407c2cedff20999df2af8eb42d56 -> 
========================================================================
Received Import Request.
  path: Assets/movementclouds.cs
  artifactKey: Guid(4131a3b32522234459ed14a7955843ec) Importer(815301076,1909f56bfc062723c751e8b465ee728b)
Start importing Assets/movementclouds.cs using Guid(4131a3b32522234459ed14a7955843ec) Importer(815301076,1909f56bfc062723c751e8b465ee728b)  -> (artifact id: '63c7cdbd768a2fd9c8b17efd235cfec4') in 0.163951 seconds 
  Import took 0.174290 seconds .

========================================================================
Received Prepare
Refreshing native plugins compatible for Editor in 26.56 ms, found 2 plugins.
Preloading 0 native plugins for Editor in 0.00 ms.
Unloading 11 Unused Serialized files (Serialized files now loaded: 0)
System memory in use before: 37.3 MB.
System memory in use after: 37.4 MB.

Unloading 11 unused Assets to reduce memory usage. Loaded Objects now: 1831.
Total: 12.040100 ms (FindLiveObjects: 0.443100 ms CreateObjectMapping: 0.222300 ms MarkObjects: 11.321000 ms  DeleteObjects: 0.050600 ms)

AssetImportParameters requested are different than current active one (requested -> active):
  custom:framework-win-MediaFoundation: 216162199b28c13a410421893ffa2e32 -> 
  custom:video-decoder-ogg-theora: a1e56fd34408186e4bbccfd4996cb3dc -> 
  custom:container-muxer-webm: aa71ff27fc2769a1b78a27578f13a17b -> 
  custom:container-demuxer-webm: 4f35f7cbe854078d1ac9338744f61a02 -> 
  custom:container-demuxer-ogg: 62fdf1f143b41e24485cea50d1cbac27 -> 
  custom:video-encoder-webm-vp8: eb34c28f22e8b96e1ab97ce403110664 -> 
  custom:video-decoder-webm-vp8: 9c59270c3fd7afecdb556c50c9e8de78 -> 
  custom:audio-decoder-ogg-vorbis: bf7c407c2cedff20999df2af8eb42d56 -> 
  custom:audio-encoder-webm-vorbis: bf7c407c2cedff20999df2af8eb42d56 -> 
========================================================================
Received Import Request.
  Time since last request: 43.851179 seconds.
  path: Assets/movementclouds.cs
  artifactKey: Guid(4131a3b32522234459ed14a7955843ec) Importer(815301076,1909f56bfc062723c751e8b465ee728b)
Start importing Assets/movementclouds.cs using Guid(4131a3b32522234459ed14a7955843ec) Importer(815301076,1909f56bfc062723c751e8b465ee728b)  -> (artifact id: '0083b1d922343438bdce02e140c00acf') in 0.013348 seconds 
  Import took 0.028939 seconds .

========================================================================
Received Import Request.
  Time since last request: 4.770520 seconds.
  path: Assets/movementclouds.cs
  artifactKey: Guid(4131a3b32522234459ed14a7955843ec) Importer(815301076,1909f56bfc062723c751e8b465ee728b)
Start importing Assets/movementclouds.cs using Guid(4131a3b32522234459ed14a7955843ec) Importer(815301076,1909f56bfc062723c751e8b465ee728b)  -> (artifact id: '00000000000000000000000000000000') in 0.001116 seconds  code(4) message(Build asset version error: assets/movementclouds.cs in SourceAssetDB has modification time of '2021-09-14T13:30:27.2482069Z' while content on disk has modification time of '2021-09-14T13:30:27.6910225Z')
  ERROR: Build asset version error: assets/movementclouds.cs in SourceAssetDB has modification time of '2021-09-14T13:30:27.2482069Z' while content on disk has modification time of '2021-09-14T13:30:27.6910225Z'
  Import took 0.009911 seconds .

========================================================================
Received Import Request.
  Time since last request: 0.143653 seconds.
  path: Assets/movementclouds.cs
  artifactKey: Guid(4131a3b32522234459ed14a7955843ec) Importer(815301076,1909f56bfc062723c751e8b465ee728b)
Start importing Assets/movementclouds.cs using Guid(4131a3b32522234459ed14a7955843ec) Importer(815301076,1909f56bfc062723c751e8b465ee728b)  -> (artifact id: '53fd26bb6a71aaac9c3a4f038ba993bf') in 0.029843 seconds 
  Import took 0.052948 seconds .

========================================================================
Received Import Request.
  Time since last request: 29.544414 seconds.
  path: Assets/movementclouds.cs
  artifactKey: Guid(4131a3b32522234459ed14a7955843ec) Importer(815301076,1909f56bfc062723c751e8b465ee728b)
Start importing Assets/movementclouds.cs using Guid(4131a3b32522234459ed14a7955843ec) Importer(815301076,1909f56bfc062723c751e8b465ee728b)  -> (artifact id: 'f27f14002f4dd2abc2e66bd24ec81cfb') in 0.046895 seconds 
  Import took 0.064349 seconds .

========================================================================
Received Import Request.
  Time since last request: 54.259907 seconds.
  path: Assets/movementclouds.cs
  artifactKey: Guid(4131a3b32522234459ed14a7955843ec) Importer(815301076,1909f56bfc062723c751e8b465ee728b)
Start importing Assets/movementclouds.cs using Guid(4131a3b32522234459ed14a7955843ec) Importer(815301076,1909f56bfc062723c751e8b465ee728b)  -> (artifact id: 'ccc9d6ec587322764449c54ace67fbff') in 0.011979 seconds 
  Import took 0.021878 seconds .

========================================================================
Received Import Request.
  Time since last request: 11.377416 seconds.
  path: Assets/movementclouds.cs
  artifactKey: Guid(4131a3b32522234459ed14a7955843ec) Importer(815301076,1909f56bfc062723c751e8b465ee728b)
Start importing Assets/movementclouds.cs using Guid(4131a3b32522234459ed14a7955843ec) Importer(815301076,1909f56bfc062723c751e8b465ee728b)  -> (artifact id: '0d83e5ac26c9d7bcd434c5104754d896') in 0.022267 seconds 
  Import took 0.042577 seconds .

========================================================================
Received Prepare
Registering precompiled user dll's ...
Registered in 0.027440 seconds.
Begin MonoManager ReloadAssembly
Native extension for WindowsStandalone target not found
Refreshing native plugins compatible for Editor in 0.72 ms, found 2 plugins.
Preloading 0 native plugins for Editor in 0.00 ms.
Mono: successfully reloaded assembly
- Completed reload, in  3.225 seconds
Domain Reload Profiling:
	ReloadAssembly (3226ms)
		BeginReloadAssembly (344ms)
			ExecutionOrderSort (0ms)
			DisableScriptedObjects (15ms)
			BackupInstance (0ms)
			ReleaseScriptingObjects (0ms)
			CreateAndSetChildDomain (87ms)
		EndReloadAssembly (2682ms)
			LoadAssemblies (324ms)
			RebuildTransferFunctionScriptingTraits (0ms)
			SetupTypeCache (864ms)
			ReleaseScriptCaches (2ms)
			RebuildScriptCaches (106ms)
			SetupLoadedEditorAssemblies (1122ms)
				LogAssemblyErrors (0ms)
				InitializePlatformSupportModulesInManaged (17ms)
				SetLoadedEditorAssemblies (2ms)
				RefreshPlugins (1ms)
				BeforeProcessingInitializeOnLoad (258ms)
				ProcessInitializeOnLoadAttributes (811ms)
				ProcessInitializeOnLoadMethodAttributes (12ms)
				AfterProcessingInitializeOnLoad (20ms)
				EditorAssembliesLoaded (1ms)
			ExecutionOrderSort2 (0ms)
			AwakeInstancesAfterBackupRestoration (20ms)
Platform modules already initialized, skipping
Refreshing native plugins compatible for Editor in 0.73 ms, found 2 plugins.
Preloading 0 native plugins for Editor in 0.00 ms.
Unloading 1392 Unused Serialized files (Serialized files now loaded: 0)
System memory in use before: 64.9 MB.
System memory in use after: 65.0 MB.

Unloading 13 unused Assets to reduce memory usage. Loaded Objects now: 1833.
Total: 7.014800 ms (FindLiveObjects: 0.329200 ms CreateObjectMapping: 0.106200 ms MarkObjects: 6.527200 ms  DeleteObjects: 0.048700 ms)

AssetImportParameters requested are different than current active one (requested -> active):
  custom:framework-win-MediaFoundation: 216162199b28c13a410421893ffa2e32 -> 
  custom:video-decoder-ogg-theora: a1e56fd34408186e4bbccfd4996cb3dc -> 
  custom:container-muxer-webm: aa71ff27fc2769a1b78a27578f13a17b -> 
  custom:container-demuxer-webm: 4f35f7cbe854078d1ac9338744f61a02 -> 
  custom:container-demuxer-ogg: 62fdf1f143b41e24485cea50d1cbac27 -> 
  custom:video-encoder-webm-vp8: eb34c28f22e8b96e1ab97ce403110664 -> 
  custom:video-decoder-webm-vp8: 9c59270c3fd7afecdb556c50c9e8de78 -> 
  custom:audio-decoder-ogg-vorbis: bf7c407c2cedff20999df2af8eb42d56 -> 
  custom:audio-encoder-webm-vorbis: bf7c407c2cedff20999df2af8eb42d56 -> 
========================================================================
Received Prepare
Registering precompiled user dll's ...
Registered in 0.027743 seconds.
Begin MonoManager ReloadAssembly
Native extension for WindowsStandalone target not found
Refreshing native plugins compatible for Editor in 0.70 ms, found 2 plugins.
Preloading 0 native plugins for Editor in 0.00 ms.
Mono: successfully reloaded assembly
- Completed reload, in  3.479 seconds
Domain Reload Profiling:
	ReloadAssembly (3480ms)
		BeginReloadAssembly (312ms)
			ExecutionOrderSort (0ms)
			DisableScriptedObjects (14ms)
			BackupInstance (0ms)
			ReleaseScriptingObjects (0ms)
			CreateAndSetChildDomain (85ms)
		EndReloadAssembly (2968ms)
			LoadAssemblies (289ms)
			RebuildTransferFunctionScriptingTraits (0ms)
			SetupTypeCache (991ms)
			ReleaseScriptCaches (2ms)
			RebuildScriptCaches (119ms)
			SetupLoadedEditorAssemblies (1237ms)
				LogAssemblyErrors (0ms)
				InitializePlatformSupportModulesInManaged (14ms)
				SetLoadedEditorAssemblies (2ms)
				RefreshPlugins (1ms)
				BeforeProcessingInitializeOnLoad (209ms)
				ProcessInitializeOnLoadAttributes (976ms)
				ProcessInitializeOnLoadMethodAttributes (12ms)
				AfterProcessingInitializeOnLoad (23ms)
				EditorAssembliesLoaded (1ms)
			ExecutionOrderSort2 (0ms)
			AwakeInstancesAfterBackupRestoration (25ms)
Platform modules already initialized, skipping
Refreshing native plugins compatible for Editor in 1.02 ms, found 2 plugins.
Preloading 0 native plugins for Editor in 0.00 ms.
Unloading 1392 Unused Serialized files (Serialized files now loaded: 0)
System memory in use before: 64.9 MB.
System memory in use after: 65.0 MB.

Unloading 13 unused Assets to reduce memory usage. Loaded Objects now: 1835.
Total: 7.858000 ms (FindLiveObjects: 0.323700 ms CreateObjectMapping: 0.104800 ms MarkObjects: 7.383300 ms  DeleteObjects: 0.043300 ms)

AssetImportParameters requested are different than current active one (requested -> active):
  custom:framework-win-MediaFoundation: 216162199b28c13a410421893ffa2e32 -> 
  custom:video-decoder-ogg-theora: a1e56fd34408186e4bbccfd4996cb3dc -> 
  custom:container-muxer-webm: aa71ff27fc2769a1b78a27578f13a17b -> 
  custom:container-demuxer-webm: 4f35f7cbe854078d1ac9338744f61a02 -> 
  custom:container-demuxer-ogg: 62fdf1f143b41e24485cea50d1cbac27 -> 
  custom:video-encoder-webm-vp8: eb34c28f22e8b96e1ab97ce403110664 -> 
  custom:video-decoder-webm-vp8: 9c59270c3fd7afecdb556c50c9e8de78 -> 
  custom:audio-decoder-ogg-vorbis: bf7c407c2cedff20999df2af8eb42d56 -> 
  custom:audio-encoder-webm-vorbis: bf7c407c2cedff20999df2af8eb42d56 -> 
========================================================================
Received Prepare
Registering precompiled user dll's ...
Registered in 0.027852 seconds.
Begin MonoManager ReloadAssembly
Native extension for WindowsStandalone target not found
Refreshing native plugins compatible for Editor in 0.70 ms, found 2 plugins.
Preloading 0 native plugins for Editor in 0.00 ms.
Mono: successfully reloaded assembly
- Completed reload, in  3.439 seconds
Domain Reload Profiling:
	ReloadAssembly (3440ms)
		BeginReloadAssembly (332ms)
			ExecutionOrderSort (0ms)
			DisableScriptedObjects (17ms)
			BackupInstance (0ms)
			ReleaseScriptingObjects (0ms)
			CreateAndSetChildDomain (89ms)
		EndReloadAssembly (2889ms)
			LoadAssemblies (309ms)
			RebuildTransferFunctionScriptingTraits (0ms)
			SetupTypeCache (990ms)
			ReleaseScriptCaches (2ms)
			RebuildScriptCaches (136ms)
			SetupLoadedEditorAssemblies (1142ms)
				LogAssemblyErrors (0ms)
				InitializePlatformSupportModulesInManaged (18ms)
				SetLoadedEditorAssemblies (2ms)
				RefreshPlugins (1ms)
				BeforeProcessingInitializeOnLoad (224ms)
				ProcessInitializeOnLoadAttributes (858ms)
				ProcessInitializeOnLoadMethodAttributes (12ms)
				AfterProcessingInitializeOnLoad (25ms)
				EditorAssembliesLoaded (1ms)
			ExecutionOrderSort2 (0ms)
			AwakeInstancesAfterBackupRestoration (19ms)
Platform modules already initialized, skipping
Refreshing native plugins compatible for Editor in 0.69 ms, found 2 plugins.
Preloading 0 native plugins for Editor in 0.00 ms.
Unloading 1392 Unused Serialized files (Serialized files now loaded: 0)
System memory in use before: 64.9 MB.
System memory in use after: 65.0 MB.

Unloading 13 unused Assets to reduce memory usage. Loaded Objects now: 1837.
Total: 7.498800 ms (FindLiveObjects: 0.322300 ms CreateObjectMapping: 0.110700 ms MarkObjects: 7.018700 ms  DeleteObjects: 0.044500 ms)

AssetImportParameters requested are different than current active one (requested -> active):
  custom:framework-win-MediaFoundation: 216162199b28c13a410421893ffa2e32 -> 
  custom:video-decoder-ogg-theora: a1e56fd34408186e4bbccfd4996cb3dc -> 
  custom:container-muxer-webm: aa71ff27fc2769a1b78a27578f13a17b -> 
  custom:container-demuxer-webm: 4f35f7cbe854078d1ac9338744f61a02 -> 
  custom:container-demuxer-ogg: 62fdf1f143b41e24485cea50d1cbac27 -> 
  custom:video-encoder-webm-vp8: eb34c28f22e8b96e1ab97ce403110664 -> 
  custom:video-decoder-webm-vp8: 9c59270c3fd7afecdb556c50c9e8de78 -> 
  custom:audio-decoder-ogg-vorbis: bf7c407c2cedff20999df2af8eb42d56 -> 
  custom:audio-encoder-webm-vorbis: bf7c407c2cedff20999df2af8eb42d56 -> 
========================================================================
Received Prepare
Registering precompiled user dll's ...
Registered in 0.029581 seconds.
Begin MonoManager ReloadAssembly
Native extension for WindowsStandalone target not found
Refreshing native plugins compatible for Editor in 0.69 ms, found 2 plugins.
Preloading 0 native plugins for Editor in 0.00 ms.
Mono: successfully reloaded assembly
- Completed reload, in  3.140 seconds
Domain Reload Profiling:
	ReloadAssembly (3141ms)
		BeginReloadAssembly (294ms)
			ExecutionOrderSort (0ms)
			DisableScriptedObjects (13ms)
			BackupInstance (0ms)
			ReleaseScriptingObjects (0ms)
			CreateAndSetChildDomain (81ms)
		EndReloadAssembly (2659ms)
			LoadAssemblies (277ms)
			RebuildTransferFunctionScriptingTraits (0ms)
			SetupTypeCache (855ms)
			ReleaseScriptCaches (2ms)
			RebuildScriptCaches (127ms)
			SetupLoadedEditorAssemblies (1116ms)
				LogAssemblyErrors (0ms)
				InitializePlatformSupportModulesInManaged (14ms)
				SetLoadedEditorAssemblies (1ms)
				RefreshPlugins (1ms)
				BeforeProcessingInitializeOnLoad (219ms)
				ProcessInitializeOnLoadAttributes (848ms)
				ProcessInitializeOnLoadMethodAttributes (12ms)
				AfterProcessingInitializeOnLoad (20ms)
				EditorAssembliesLoaded (1ms)
			ExecutionOrderSort2 (0ms)
			AwakeInstancesAfterBackupRestoration (28ms)
Platform modules already initialized, skipping
Refreshing native plugins compatible for Editor in 0.67 ms, found 2 plugins.
Preloading 0 native plugins for Editor in 0.00 ms.
Unloading 1392 Unused Serialized files (Serialized files now loaded: 0)
System memory in use before: 64.9 MB.
System memory in use after: 65.0 MB.

Unloading 13 unused Assets to reduce memory usage. Loaded Objects now: 1839.
Total: 6.729900 ms (FindLiveObjects: 0.286500 ms CreateObjectMapping: 0.121700 ms MarkObjects: 6.276200 ms  DeleteObjects: 0.043100 ms)

AssetImportParameters requested are different than current active one (requested -> active):
  custom:framework-win-MediaFoundation: 216162199b28c13a410421893ffa2e32 -> 
  custom:video-decoder-ogg-theora: a1e56fd34408186e4bbccfd4996cb3dc -> 
  custom:container-muxer-webm: aa71ff27fc2769a1b78a27578f13a17b -> 
  custom:container-demuxer-webm: 4f35f7cbe854078d1ac9338744f61a02 -> 
  custom:container-demuxer-ogg: 62fdf1f143b41e24485cea50d1cbac27 -> 
  custom:video-encoder-webm-vp8: eb34c28f22e8b96e1ab97ce403110664 -> 
  custom:video-decoder-webm-vp8: 9c59270c3fd7afecdb556c50c9e8de78 -> 
  custom:audio-decoder-ogg-vorbis: bf7c407c2cedff20999df2af8eb42d56 -> 
  custom:audio-encoder-webm-vorbis: bf7c407c2cedff20999df2af8eb42d56 -> 
========================================================================
Received Prepare
Registering precompiled user dll's ...
Registered in 0.024537 seconds.
Begin MonoManager ReloadAssembly
Native extension for WindowsStandalone target not found
Refreshing native plugins compatible for Editor in 0.69 ms, found 2 plugins.
Preloading 0 native plugins for Editor in 0.00 ms.
Mono: successfully reloaded assembly
- Completed reload, in  3.428 seconds
Domain Reload Profiling:
	ReloadAssembly (3429ms)
		BeginReloadAssembly (322ms)
			ExecutionOrderSort (0ms)
			DisableScriptedObjects (13ms)
			BackupInstance (0ms)
			ReleaseScriptingObjects (0ms)
			CreateAndSetChildDomain (84ms)
		EndReloadAssembly (2904ms)
			LoadAssemblies (281ms)
			RebuildTransferFunctionScriptingTraits (0ms)
			SetupTypeCache (848ms)
			ReleaseScriptCaches (1ms)
			RebuildScriptCaches (145ms)
			SetupLoadedEditorAssemblies (1244ms)
				LogAssemblyErrors (0ms)
				InitializePlatformSupportModulesInManaged (14ms)
				SetLoadedEditorAssemblies (1ms)
				RefreshPlugins (1ms)
				BeforeProcessingInitializeOnLoad (208ms)
				ProcessInitializeOnLoadAttributes (971ms)
				ProcessInitializeOnLoadMethodAttributes (20ms)
				AfterProcessingInitializeOnLoad (28ms)
				EditorAssembliesLoaded (1ms)
			ExecutionOrderSort2 (0ms)
			AwakeInstancesAfterBackupRestoration (31ms)
Platform modules already initialized, skipping
Refreshing native plugins compatible for Editor in 0.70 ms, found 2 plugins.
Preloading 0 native plugins for Editor in 0.00 ms.
Unloading 1392 Unused Serialized files (Serialized files now loaded: 0)
System memory in use before: 64.9 MB.
System memory in use after: 65.0 MB.

Unloading 13 unused Assets to reduce memory usage. Loaded Objects now: 1841.
Total: 10.641800 ms (FindLiveObjects: 0.336700 ms CreateObjectMapping: 0.106300 ms MarkObjects: 10.131100 ms  DeleteObjects: 0.064200 ms)

AssetImportParameters requested are different than current active one (requested -> active):
  custom:framework-win-MediaFoundation: 216162199b28c13a410421893ffa2e32 -> 
  custom:video-decoder-ogg-theora: a1e56fd34408186e4bbccfd4996cb3dc -> 
  custom:container-muxer-webm: aa71ff27fc2769a1b78a27578f13a17b -> 
  custom:container-demuxer-webm: 4f35f7cbe854078d1ac9338744f61a02 -> 
  custom:container-demuxer-ogg: 62fdf1f143b41e24485cea50d1cbac27 -> 
  custom:video-encoder-webm-vp8: eb34c28f22e8b96e1ab97ce403110664 -> 
  custom:video-decoder-webm-vp8: 9c59270c3fd7afecdb556c50c9e8de78 -> 
  custom:audio-decoder-ogg-vorbis: bf7c407c2cedff20999df2af8eb42d56 -> 
  custom:audio-encoder-webm-vorbis: bf7c407c2cedff20999df2af8eb42d56 -> 
========================================================================
Received Prepare
Registering precompiled user dll's ...
Registered in 0.022865 seconds.
Begin MonoManager ReloadAssembly
Native extension for WindowsStandalone target not found
Refreshing native plugins compatible for Editor in 1.14 ms, found 2 plugins.
Preloading 0 native plugins for Editor in 0.00 ms.
Mono: successfully reloaded assembly
- Completed reload, in  3.733 seconds
Domain Reload Profiling:
	ReloadAssembly (3734ms)
		BeginReloadAssembly (312ms)
			ExecutionOrderSort (0ms)
			DisableScriptedObjects (15ms)
			BackupInstance (0ms)
			ReleaseScriptingObjects (0ms)
			CreateAndSetChildDomain (82ms)
		EndReloadAssembly (3208ms)
			LoadAssemblies (297ms)
			RebuildTransferFunctionScriptingTraits (0ms)
			SetupTypeCache (1121ms)
			ReleaseScriptCaches (2ms)
			RebuildScriptCaches (125ms)
			SetupLoadedEditorAssemblies (1321ms)
				LogAssemblyErrors (0ms)
				InitializePlatformSupportModulesInManaged (24ms)
				SetLoadedEditorAssemblies (2ms)
				RefreshPlugins (2ms)
				BeforeProcessingInitializeOnLoad (248ms)
				ProcessInitializeOnLoadAttributes (1004ms)
				ProcessInitializeOnLoadMethodAttributes (13ms)
				AfterProcessingInitializeOnLoad (27ms)
				EditorAssembliesLoaded (1ms)
			ExecutionOrderSort2 (0ms)
			AwakeInstancesAfterBackupRestoration (25ms)
Platform modules already initialized, skipping
Refreshing native plugins compatible for Editor in 0.79 ms, found 2 plugins.
Preloading 0 native plugins for Editor in 0.00 ms.
Unloading 1392 Unused Serialized files (Serialized files now loaded: 0)
System memory in use before: 64.9 MB.
System memory in use after: 65.0 MB.

Unloading 13 unused Assets to reduce memory usage. Loaded Objects now: 1843.
Total: 7.529800 ms (FindLiveObjects: 0.324000 ms CreateObjectMapping: 0.124800 ms MarkObjects: 7.032700 ms  DeleteObjects: 0.044200 ms)

AssetImportParameters requested are different than current active one (requested -> active):
  custom:framework-win-MediaFoundation: 216162199b28c13a410421893ffa2e32 -> 
  custom:video-decoder-ogg-theora: a1e56fd34408186e4bbccfd4996cb3dc -> 
  custom:container-muxer-webm: aa71ff27fc2769a1b78a27578f13a17b -> 
  custom:container-demuxer-webm: 4f35f7cbe854078d1ac9338744f61a02 -> 
  custom:container-demuxer-ogg: 62fdf1f143b41e24485cea50d1cbac27 -> 
  custom:video-encoder-webm-vp8: eb34c28f22e8b96e1ab97ce403110664 -> 
  custom:video-decoder-webm-vp8: 9c59270c3fd7afecdb556c50c9e8de78 -> 
  custom:audio-decoder-ogg-vorbis: bf7c407c2cedff20999df2af8eb42d56 -> 
  custom:audio-encoder-webm-vorbis: bf7c407c2cedff20999df2af8eb42d56 -> 
========================================================================
Received Prepare
Registering precompiled user dll's ...
Registered in 0.023031 seconds.
Begin MonoManager ReloadAssembly
Native extension for WindowsStandalone target not found
Refreshing native plugins compatible for Editor in 0.70 ms, found 2 plugins.
Preloading 0 native plugins for Editor in 0.00 ms.
Mono: successfully reloaded assembly
- Completed reload, in  3.080 seconds
Domain Reload Profiling:
	ReloadAssembly (3081ms)
		BeginReloadAssembly (292ms)
			ExecutionOrderSort (0ms)
			DisableScriptedObjects (12ms)
			BackupInstance (0ms)
			ReleaseScriptingObjects (0ms)
			CreateAndSetChildDomain (82ms)
		EndReloadAssembly (2574ms)
			LoadAssemblies (276ms)
			RebuildTransferFunctionScriptingTraits (0ms)
			SetupTypeCache (769ms)
			ReleaseScriptCaches (1ms)
			RebuildScriptCaches (109ms)
			SetupLoadedEditorAssemblies (1130ms)
				LogAssemblyErrors (0ms)
				InitializePlatformSupportModulesInManaged (14ms)
				SetLoadedEditorAssemblies (1ms)
				RefreshPlugins (1ms)
				BeforeProcessingInitializeOnLoad (215ms)
				ProcessInitializeOnLoadAttributes (865ms)
				ProcessInitializeOnLoadMethodAttributes (11ms)
				AfterProcessingInitializeOnLoad (22ms)
				EditorAssembliesLoaded (1ms)
			ExecutionOrderSort2 (0ms)
			AwakeInstancesAfterBackupRestoration (19ms)
Platform modules already initialized, skipping
Refreshing native plugins compatible for Editor in 0.87 ms, found 2 plugins.
Preloading 0 native plugins for Editor in 0.00 ms.
Unloading 1392 Unused Serialized files (Serialized files now loaded: 0)
System memory in use before: 64.9 MB.
System memory in use after: 65.0 MB.

Unloading 13 unused Assets to reduce memory usage. Loaded Objects now: 1845.
Total: 8.113000 ms (FindLiveObjects: 0.364400 ms CreateObjectMapping: 0.129200 ms MarkObjects: 7.560100 ms  DeleteObjects: 0.055000 ms)

AssetImportParameters requested are different than current active one (requested -> active):
  custom:framework-win-MediaFoundation: 216162199b28c13a410421893ffa2e32 -> 
  custom:video-decoder-ogg-theora: a1e56fd34408186e4bbccfd4996cb3dc -> 
  custom:container-muxer-webm: aa71ff27fc2769a1b78a27578f13a17b -> 
  custom:container-demuxer-webm: 4f35f7cbe854078d1ac9338744f61a02 -> 
  custom:container-demuxer-ogg: 62fdf1f143b41e24485cea50d1cbac27 -> 
  custom:video-encoder-webm-vp8: eb34c28f22e8b96e1ab97ce403110664 -> 
  custom:video-decoder-webm-vp8: 9c59270c3fd7afecdb556c50c9e8de78 -> 
  custom:audio-decoder-ogg-vorbis: bf7c407c2cedff20999df2af8eb42d56 -> 
  custom:audio-encoder-webm-vorbis: bf7c407c2cedff20999df2af8eb42d56 -> 
========================================================================
Received Prepare
Registering precompiled user dll's ...
Registered in 0.036613 seconds.
Begin MonoManager ReloadAssembly
Native extension for WindowsStandalone target not found
Refreshing native plugins compatible for Editor in 0.73 ms, found 2 plugins.
Preloading 0 native plugins for Editor in 0.00 ms.
Mono: successfully reloaded assembly
- Completed reload, in  3.286 seconds
Domain Reload Profiling:
	ReloadAssembly (3288ms)
		BeginReloadAssembly (346ms)
			ExecutionOrderSort (0ms)
			DisableScriptedObjects (13ms)
			BackupInstance (0ms)
			ReleaseScriptingObjects (0ms)
			CreateAndSetChildDomain (104ms)
		EndReloadAssembly (2693ms)
			LoadAssemblies (300ms)
			RebuildTransferFunctionScriptingTraits (0ms)
			SetupTypeCache (843ms)
			ReleaseScriptCaches (1ms)
			RebuildScriptCaches (118ms)
			SetupLoadedEditorAssemblies (1147ms)
				LogAssemblyErrors (0ms)
				InitializePlatformSupportModulesInManaged (15ms)
				SetLoadedEditorAssemblies (1ms)
				RefreshPlugins (1ms)
				BeforeProcessingInitializeOnLoad (233ms)
				ProcessInitializeOnLoadAttributes (859ms)
				ProcessInitializeOnLoadMethodAttributes (13ms)
				AfterProcessingInitializeOnLoad (24ms)
				EditorAssembliesLoaded (1ms)
			ExecutionOrderSort2 (0ms)
			AwakeInstancesAfterBackupRestoration (34ms)
Platform modules already initialized, skipping
Refreshing native plugins compatible for Editor in 1.19 ms, found 2 plugins.
Preloading 0 native plugins for Editor in 0.00 ms.
Unloading 1392 Unused Serialized files (Serialized files now loaded: 0)
System memory in use before: 64.9 MB.
System memory in use after: 65.0 MB.

Unloading 13 unused Assets to reduce memory usage. Loaded Objects now: 1847.
Total: 8.982800 ms (FindLiveObjects: 0.332300 ms CreateObjectMapping: 0.111500 ms MarkObjects: 8.471100 ms  DeleteObjects: 0.064600 ms)

AssetImportParameters requested are different than current active one (requested -> active):
  custom:framework-win-MediaFoundation: 216162199b28c13a410421893ffa2e32 -> 
  custom:video-decoder-ogg-theora: a1e56fd34408186e4bbccfd4996cb3dc -> 
  custom:container-muxer-webm: aa71ff27fc2769a1b78a27578f13a17b -> 
  custom:container-demuxer-webm: 4f35f7cbe854078d1ac9338744f61a02 -> 
  custom:container-demuxer-ogg: 62fdf1f143b41e24485cea50d1cbac27 -> 
  custom:video-encoder-webm-vp8: eb34c28f22e8b96e1ab97ce403110664 -> 
  custom:video-decoder-webm-vp8: 9c59270c3fd7afecdb556c50c9e8de78 -> 
  custom:audio-decoder-ogg-vorbis: bf7c407c2cedff20999df2af8eb42d56 -> 
  custom:audio-encoder-webm-vorbis: bf7c407c2cedff20999df2af8eb42d56 -> 
========================================================================
Received Prepare
Registering precompiled user dll's ...
Registered in 0.028540 seconds.
Begin MonoManager ReloadAssembly
Native extension for WindowsStandalone target not found
Refreshing native plugins compatible for Editor in 0.72 ms, found 2 plugins.
Preloading 0 native plugins for Editor in 0.00 ms.
Mono: successfully reloaded assembly
- Completed reload, in  3.224 seconds
Domain Reload Profiling:
	ReloadAssembly (3225ms)
		BeginReloadAssembly (331ms)
			ExecutionOrderSort (0ms)
			DisableScriptedObjects (23ms)
			BackupInstance (0ms)
			ReleaseScriptingObjects (0ms)
			CreateAndSetChildDomain (92ms)
		EndReloadAssembly (2663ms)
			LoadAssemblies (307ms)
			RebuildTransferFunctionScriptingTraits (0ms)
			SetupTypeCache (814ms)
			ReleaseScriptCaches (2ms)
			RebuildScriptCaches (127ms)
			SetupLoadedEditorAssemblies (1135ms)
				LogAssemblyErrors (0ms)
				InitializePlatformSupportModulesInManaged (14ms)
				SetLoadedEditorAssemblies (1ms)
				RefreshPlugins (1ms)
				BeforeProcessingInitializeOnLoad (216ms)
				ProcessInitializeOnLoadAttributes (864ms)
				ProcessInitializeOnLoadMethodAttributes (13ms)
				AfterProcessingInitializeOnLoad (25ms)
				EditorAssembliesLoaded (1ms)
			ExecutionOrderSort2 (0ms)
			AwakeInstancesAfterBackupRestoration (20ms)
Platform modules already initialized, skipping
Refreshing native plugins compatible for Editor in 0.68 ms, found 2 plugins.
Preloading 0 native plugins for Editor in 0.00 ms.
Unloading 1392 Unused Serialized files (Serialized files now loaded: 0)
System memory in use before: 64.9 MB.
System memory in use after: 65.0 MB.

Unloading 13 unused Assets to reduce memory usage. Loaded Objects now: 1849.
Total: 7.409800 ms (FindLiveObjects: 0.320600 ms CreateObjectMapping: 0.106500 ms MarkObjects: 6.936900 ms  DeleteObjects: 0.043200 ms)

AssetImportParameters requested are different than current active one (requested -> active):
  custom:framework-win-MediaFoundation: 216162199b28c13a410421893ffa2e32 -> 
  custom:video-decoder-ogg-theora: a1e56fd34408186e4bbccfd4996cb3dc -> 
  custom:container-muxer-webm: aa71ff27fc2769a1b78a27578f13a17b -> 
  custom:container-demuxer-webm: 4f35f7cbe854078d1ac9338744f61a02 -> 
  custom:container-demuxer-ogg: 62fdf1f143b41e24485cea50d1cbac27 -> 
  custom:video-encoder-webm-vp8: eb34c28f22e8b96e1ab97ce403110664 -> 
  custom:video-decoder-webm-vp8: 9c59270c3fd7afecdb556c50c9e8de78 -> 
  custom:audio-decoder-ogg-vorbis: bf7c407c2cedff20999df2af8eb42d56 -> 
  custom:audio-encoder-webm-vorbis: bf7c407c2cedff20999df2af8eb42d56 -> 
========================================================================
Received Prepare
Registering precompiled user dll's ...
Registered in 0.028376 seconds.
Begin MonoManager ReloadAssembly
Native extension for WindowsStandalone target not found
Refreshing native plugins compatible for Editor in 0.77 ms, found 2 plugins.
Preloading 0 native plugins for Editor in 0.00 ms.
Mono: successfully reloaded assembly
- Completed reload, in  3.723 seconds
Domain Reload Profiling:
	ReloadAssembly (3725ms)
		BeginReloadAssembly (352ms)
			ExecutionOrderSort (0ms)
			DisableScriptedObjects (22ms)
			BackupInstance (0ms)
			ReleaseScriptingObjects (0ms)
			CreateAndSetChildDomain (92ms)
		EndReloadAssembly (3173ms)
			LoadAssemblies (306ms)
			RebuildTransferFunctionScriptingTraits (0ms)
			SetupTypeCache (979ms)
			ReleaseScriptCaches (3ms)
			RebuildScriptCaches (203ms)
			SetupLoadedEditorAssemblies (1290ms)
				LogAssemblyErrors (0ms)
				InitializePlatformSupportModulesInManaged (25ms)
				SetLoadedEditorAssemblies (1ms)
				RefreshPlugins (1ms)
				BeforeProcessingInitializeOnLoad (239ms)
				ProcessInitializeOnLoadAttributes (980ms)
				ProcessInitializeOnLoadMethodAttributes (16ms)
				AfterProcessingInitializeOnLoad (27ms)
				EditorAssembliesLoaded (1ms)
			ExecutionOrderSort2 (0ms)
			AwakeInstancesAfterBackupRestoration (40ms)
Platform modules already initialized, skipping
Refreshing native plugins compatible for Editor in 0.75 ms, found 2 plugins.
Preloading 0 native plugins for Editor in 0.00 ms.
Unloading 1392 Unused Serialized files (Serialized files now loaded: 0)
System memory in use before: 64.9 MB.
System memory in use after: 65.0 MB.

Unloading 13 unused Assets to reduce memory usage. Loaded Objects now: 1851.
Total: 7.656000 ms (FindLiveObjects: 0.344200 ms CreateObjectMapping: 0.109300 ms MarkObjects: 7.155100 ms  DeleteObjects: 0.044100 ms)

AssetImportParameters requested are different than current active one (requested -> active):
  custom:framework-win-MediaFoundation: 216162199b28c13a410421893ffa2e32 -> 
  custom:video-decoder-ogg-theora: a1e56fd34408186e4bbccfd4996cb3dc -> 
  custom:container-muxer-webm: aa71ff27fc2769a1b78a27578f13a17b -> 
  custom:container-demuxer-webm: 4f35f7cbe854078d1ac9338744f61a02 -> 
  custom:container-demuxer-ogg: 62fdf1f143b41e24485cea50d1cbac27 -> 
  custom:video-encoder-webm-vp8: eb34c28f22e8b96e1ab97ce403110664 -> 
  custom:video-decoder-webm-vp8: 9c59270c3fd7afecdb556c50c9e8de78 -> 
  custom:audio-decoder-ogg-vorbis: bf7c407c2cedff20999df2af8eb42d56 -> 
  custom:audio-encoder-webm-vorbis: bf7c407c2cedff20999df2af8eb42d56 -> 
========================================================================
Received Prepare
Registering precompiled user dll's ...
Registered in 0.027055 seconds.
Begin MonoManager ReloadAssembly
Native extension for WindowsStandalone target not found
Refreshing native plugins compatible for Editor in 0.71 ms, found 2 plugins.
Preloading 0 native plugins for Editor in 0.00 ms.
Mono: successfully reloaded assembly
- Completed reload, in  3.360 seconds
Domain Reload Profiling:
	ReloadAssembly (3361ms)
		BeginReloadAssembly (302ms)
			ExecutionOrderSort (0ms)
			DisableScriptedObjects (12ms)
			BackupInstance (0ms)
			ReleaseScriptingObjects (0ms)
			CreateAndSetChildDomain (83ms)
		EndReloadAssembly (2830ms)
			LoadAssemblies (292ms)
			RebuildTransferFunctionScriptingTraits (0ms)
			SetupTypeCache (965ms)
			ReleaseScriptCaches (2ms)
			RebuildScriptCaches (117ms)
			SetupLoadedEditorAssemblies (1128ms)
				LogAssemblyErrors (0ms)
				InitializePlatformSupportModulesInManaged (14ms)
				SetLoadedEditorAssemblies (1ms)
				RefreshPlugins (1ms)
				BeforeProcessingInitializeOnLoad (216ms)
				ProcessInitializeOnLoadAttributes (860ms)
				ProcessInitializeOnLoadMethodAttributes (13ms)
				AfterProcessingInitializeOnLoad (22ms)
				EditorAssembliesLoaded (1ms)
			ExecutionOrderSort2 (0ms)
			AwakeInstancesAfterBackupRestoration (20ms)
Platform modules already initialized, skipping
Refreshing native plugins compatible for Editor in 0.69 ms, found 2 plugins.
Preloading 0 native plugins for Editor in 0.00 ms.
Unloading 1392 Unused Serialized files (Serialized files now loaded: 0)
System memory in use before: 64.9 MB.
System memory in use after: 65.0 MB.

Unloading 13 unused Assets to reduce memory usage. Loaded Objects now: 1853.
Total: 8.930200 ms (FindLiveObjects: 0.318200 ms CreateObjectMapping: 0.110900 ms MarkObjects: 8.438200 ms  DeleteObjects: 0.059000 ms)

AssetImportParameters requested are different than current active one (requested -> active):
  custom:framework-win-MediaFoundation: 216162199b28c13a410421893ffa2e32 -> 
  custom:video-decoder-ogg-theora: a1e56fd34408186e4bbccfd4996cb3dc -> 
  custom:container-muxer-webm: aa71ff27fc2769a1b78a27578f13a17b -> 
  custom:container-demuxer-webm: 4f35f7cbe854078d1ac9338744f61a02 -> 
  custom:container-demuxer-ogg: 62fdf1f143b41e24485cea50d1cbac27 -> 
  custom:video-encoder-webm-vp8: eb34c28f22e8b96e1ab97ce403110664 -> 
  custom:video-decoder-webm-vp8: 9c59270c3fd7afecdb556c50c9e8de78 -> 
  custom:audio-decoder-ogg-vorbis: bf7c407c2cedff20999df2af8eb42d56 -> 
  custom:audio-encoder-webm-vorbis: bf7c407c2cedff20999df2af8eb42d56 -> 
========================================================================
Received Prepare
Registering precompiled user dll's ...
Registered in 0.027805 seconds.
Begin MonoManager ReloadAssembly
Native extension for WindowsStandalone target not found
Refreshing native plugins compatible for Editor in 1.58 ms, found 2 plugins.
Preloading 0 native plugins for Editor in 0.00 ms.
Mono: successfully reloaded assembly
- Completed reload, in  3.176 seconds
Domain Reload Profiling:
	ReloadAssembly (3177ms)
		BeginReloadAssembly (303ms)
			ExecutionOrderSort (0ms)
			DisableScriptedObjects (14ms)
			BackupInstance (0ms)
			ReleaseScriptingObjects (0ms)
			CreateAndSetChildDomain (81ms)
		EndReloadAssembly (2681ms)
			LoadAssemblies (295ms)
			RebuildTransferFunctionScriptingTraits (0ms)
			SetupTypeCache (754ms)
			ReleaseScriptCaches (1ms)
			RebuildScriptCaches (144ms)
			SetupLoadedEditorAssemblies (1148ms)
				LogAssemblyErrors (0ms)
				InitializePlatformSupportModulesInManaged (15ms)
				SetLoadedEditorAssemblies (3ms)
				RefreshPlugins (2ms)
				BeforeProcessingInitializeOnLoad (246ms)
				ProcessInitializeOnLoadAttributes (850ms)
				ProcessInitializeOnLoadMethodAttributes (11ms)
				AfterProcessingInitializeOnLoad (20ms)
				EditorAssembliesLoaded (1ms)
			ExecutionOrderSort2 (0ms)
			AwakeInstancesAfterBackupRestoration (20ms)
Platform modules already initialized, skipping
Refreshing native plugins compatible for Editor in 0.67 ms, found 2 plugins.
Preloading 0 native plugins for Editor in 0.00 ms.
Unloading 1392 Unused Serialized files (Serialized files now loaded: 0)
System memory in use before: 64.9 MB.
System memory in use after: 65.1 MB.

Unloading 13 unused Assets to reduce memory usage. Loaded Objects now: 1855.
Total: 7.277800 ms (FindLiveObjects: 0.307300 ms CreateObjectMapping: 0.100100 ms MarkObjects: 6.826900 ms  DeleteObjects: 0.040800 ms)

AssetImportParameters requested are different than current active one (requested -> active):
  custom:framework-win-MediaFoundation: 216162199b28c13a410421893ffa2e32 -> 
  custom:video-decoder-ogg-theora: a1e56fd34408186e4bbccfd4996cb3dc -> 
  custom:container-muxer-webm: aa71ff27fc2769a1b78a27578f13a17b -> 
  custom:container-demuxer-webm: 4f35f7cbe854078d1ac9338744f61a02 -> 
  custom:container-demuxer-ogg: 62fdf1f143b41e24485cea50d1cbac27 -> 
  custom:video-encoder-webm-vp8: eb34c28f22e8b96e1ab97ce403110664 -> 
  custom:video-decoder-webm-vp8: 9c59270c3fd7afecdb556c50c9e8de78 -> 
  custom:audio-decoder-ogg-vorbis: bf7c407c2cedff20999df2af8eb42d56 -> 
  custom:audio-encoder-webm-vorbis: bf7c407c2cedff20999df2af8eb42d56 -> 
========================================================================
Received Import Request.
  Time since last request: 525.139926 seconds.
  path: Assets/prefabs
  artifactKey: Guid(6ffd57baadaecf54699a7cc63c971fb2) Importer(815301076,1909f56bfc062723c751e8b465ee728b)
Start importing Assets/prefabs using Guid(6ffd57baadaecf54699a7cc63c971fb2) Importer(815301076,1909f56bfc062723c751e8b465ee728b)  -> (artifact id: 'cfef1911e3a9396e091b955e78a56205') in 0.016012 seconds 
  Import took 0.022612 seconds .

========================================================================
Received Prepare
Registering precompiled user dll's ...
Registered in 0.027324 seconds.
Begin MonoManager ReloadAssembly
Native extension for WindowsStandalone target not found
Refreshing native plugins compatible for Editor in 0.70 ms, found 2 plugins.
Preloading 0 native plugins for Editor in 0.00 ms.
Mono: successfully reloaded assembly
- Completed reload, in  3.345 seconds
Domain Reload Profiling:
	ReloadAssembly (3347ms)
		BeginReloadAssembly (415ms)
			ExecutionOrderSort (0ms)
			DisableScriptedObjects (18ms)
			BackupInstance (0ms)
			ReleaseScriptingObjects (0ms)
			CreateAndSetChildDomain (146ms)
		EndReloadAssembly (2658ms)
			LoadAssemblies (306ms)
			RebuildTransferFunctionScriptingTraits (0ms)
			SetupTypeCache (796ms)
			ReleaseScriptCaches (2ms)
			RebuildScriptCaches (117ms)
			SetupLoadedEditorAssemblies (1169ms)
				LogAssemblyErrors (0ms)
				InitializePlatformSupportModulesInManaged (15ms)
				SetLoadedEditorAssemblies (1ms)
				RefreshPlugins (1ms)
				BeforeProcessingInitializeOnLoad (221ms)
				ProcessInitializeOnLoadAttributes (890ms)
				ProcessInitializeOnLoadMethodAttributes (15ms)
				AfterProcessingInitializeOnLoad (24ms)
				EditorAssembliesLoaded (1ms)
			ExecutionOrderSort2 (0ms)
			AwakeInstancesAfterBackupRestoration (20ms)
Platform modules already initialized, skipping
Refreshing native plugins compatible for Editor in 1.21 ms, found 2 plugins.
Preloading 0 native plugins for Editor in 0.00 ms.
Unloading 1392 Unused Serialized files (Serialized files now loaded: 0)
System memory in use before: 64.9 MB.
System memory in use after: 65.1 MB.

Unloading 13 unused Assets to reduce memory usage. Loaded Objects now: 1857.
Total: 17.811400 ms (FindLiveObjects: 1.449700 ms CreateObjectMapping: 0.342000 ms MarkObjects: 15.960500 ms  DeleteObjects: 0.055600 ms)

AssetImportParameters requested are different than current active one (requested -> active):
  custom:framework-win-MediaFoundation: 216162199b28c13a410421893ffa2e32 -> 
  custom:video-decoder-ogg-theora: a1e56fd34408186e4bbccfd4996cb3dc -> 
  custom:container-muxer-webm: aa71ff27fc2769a1b78a27578f13a17b -> 
  custom:container-demuxer-webm: 4f35f7cbe854078d1ac9338744f61a02 -> 
  custom:container-demuxer-ogg: 62fdf1f143b41e24485cea50d1cbac27 -> 
  custom:video-encoder-webm-vp8: eb34c28f22e8b96e1ab97ce403110664 -> 
  custom:video-decoder-webm-vp8: 9c59270c3fd7afecdb556c50c9e8de78 -> 
  custom:audio-decoder-ogg-vorbis: bf7c407c2cedff20999df2af8eb42d56 -> 
  custom:audio-encoder-webm-vorbis: bf7c407c2cedff20999df2af8eb42d56 -> 
========================================================================
Received Prepare
Registering precompiled user dll's ...
Registered in 0.022869 seconds.
Begin MonoManager ReloadAssembly
Native extension for WindowsStandalone target not found
Refreshing native plugins compatible for Editor in 0.72 ms, found 2 plugins.
Preloading 0 native plugins for Editor in 0.00 ms.
Mono: successfully reloaded assembly
- Completed reload, in  3.111 seconds
Domain Reload Profiling:
	ReloadAssembly (3113ms)
		BeginReloadAssembly (310ms)
			ExecutionOrderSort (0ms)
			DisableScriptedObjects (18ms)
			BackupInstance (0ms)
			ReleaseScriptingObjects (0ms)
			CreateAndSetChildDomain (85ms)
		EndReloadAssembly (2583ms)
			LoadAssemblies (289ms)
			RebuildTransferFunctionScriptingTraits (0ms)
			SetupTypeCache (775ms)
			ReleaseScriptCaches (2ms)
			RebuildScriptCaches (133ms)
			SetupLoadedEditorAssemblies (1095ms)
				LogAssemblyErrors (0ms)
				InitializePlatformSupportModulesInManaged (15ms)
				SetLoadedEditorAssemblies (1ms)
				RefreshPlugins (1ms)
				BeforeProcessingInitializeOnLoad (225ms)
				ProcessInitializeOnLoadAttributes (821ms)
				ProcessInitializeOnLoadMethodAttributes (11ms)
				AfterProcessingInitializeOnLoad (20ms)
				EditorAssembliesLoaded (1ms)
			ExecutionOrderSort2 (0ms)
			AwakeInstancesAfterBackupRestoration (20ms)
Platform modules already initialized, skipping
Refreshing native plugins compatible for Editor in 1.55 ms, found 2 plugins.
Preloading 0 native plugins for Editor in 0.00 ms.
Unloading 1392 Unused Serialized files (Serialized files now loaded: 0)
System memory in use before: 65.0 MB.
System memory in use after: 65.1 MB.

Unloading 13 unused Assets to reduce memory usage. Loaded Objects now: 1859.
Total: 9.097200 ms (FindLiveObjects: 0.482300 ms CreateObjectMapping: 0.181700 ms MarkObjects: 8.389900 ms  DeleteObjects: 0.039200 ms)

AssetImportParameters requested are different than current active one (requested -> active):
  custom:framework-win-MediaFoundation: 216162199b28c13a410421893ffa2e32 -> 
  custom:video-decoder-ogg-theora: a1e56fd34408186e4bbccfd4996cb3dc -> 
  custom:container-muxer-webm: aa71ff27fc2769a1b78a27578f13a17b -> 
  custom:container-demuxer-webm: 4f35f7cbe854078d1ac9338744f61a02 -> 
  custom:container-demuxer-ogg: 62fdf1f143b41e24485cea50d1cbac27 -> 
  custom:video-encoder-webm-vp8: eb34c28f22e8b96e1ab97ce403110664 -> 
  custom:video-decoder-webm-vp8: 9c59270c3fd7afecdb556c50c9e8de78 -> 
  custom:audio-decoder-ogg-vorbis: bf7c407c2cedff20999df2af8eb42d56 -> 
  custom:audio-encoder-webm-vorbis: bf7c407c2cedff20999df2af8eb42d56 -> 
========================================================================
Received Import Request.
  Time since last request: 74.910658 seconds.
  path: Assets/prefabs/smallHill.prefab
  artifactKey: Guid(17ac31d5eb205c84ba1e34bd1570a813) Importer(815301076,1909f56bfc062723c751e8b465ee728b)
Start importing Assets/prefabs/smallHill.prefab using Guid(17ac31d5eb205c84ba1e34bd1570a813) Importer(815301076,1909f56bfc062723c751e8b465ee728b)  -> (artifact id: '4c42c9e615ffff976aa84f4afceba15d') in 0.267314 seconds 
  Import took 0.275265 seconds .

========================================================================
Received Import Request.
  Time since last request: 0.074118 seconds.
  path: Assets/prefabs/smallHill.prefab
  artifactKey: Guid(17ac31d5eb205c84ba1e34bd1570a813) Importer(815301076,1909f56bfc062723c751e8b465ee728b)
Start importing Assets/prefabs/smallHill.prefab using Guid(17ac31d5eb205c84ba1e34bd1570a813) Importer(815301076,1909f56bfc062723c751e8b465ee728b)  -> (artifact id: '4c42c9e615ffff976aa84f4afceba15d') in 0.034980 seconds 
  Import took 0.046082 seconds .

========================================================================
Received Prepare
Registering precompiled user dll's ...
Registered in 0.025677 seconds.
Begin MonoManager ReloadAssembly
Native extension for WindowsStandalone target not found
Refreshing native plugins compatible for Editor in 1.28 ms, found 2 plugins.
Preloading 0 native plugins for Editor in 0.00 ms.
Mono: successfully reloaded assembly
- Completed reload, in  3.236 seconds
Domain Reload Profiling:
	ReloadAssembly (3237ms)
		BeginReloadAssembly (381ms)
			ExecutionOrderSort (0ms)
			DisableScriptedObjects (14ms)
			BackupInstance (0ms)
			ReleaseScriptingObjects (0ms)
			CreateAndSetChildDomain (124ms)
		EndReloadAssembly (2656ms)
			LoadAssemblies (324ms)
			RebuildTransferFunctionScriptingTraits (0ms)
			SetupTypeCache (825ms)
			ReleaseScriptCaches (2ms)
			RebuildScriptCaches (125ms)
			SetupLoadedEditorAssemblies (1113ms)
				LogAssemblyErrors (0ms)
				InitializePlatformSupportModulesInManaged (14ms)
				SetLoadedEditorAssemblies (1ms)
				RefreshPlugins (2ms)
				BeforeProcessingInitializeOnLoad (229ms)
				ProcessInitializeOnLoadAttributes (826ms)
				ProcessInitializeOnLoadMethodAttributes (14ms)
				AfterProcessingInitializeOnLoad (26ms)
				EditorAssembliesLoaded (1ms)
			ExecutionOrderSort2 (0ms)
			AwakeInstancesAfterBackupRestoration (27ms)
Platform modules already initialized, skipping
Refreshing native plugins compatible for Editor in 0.78 ms, found 2 plugins.
Preloading 0 native plugins for Editor in 0.00 ms.
Unloading 1392 Unused Serialized files (Serialized files now loaded: 0)
System memory in use before: 68.1 MB.
System memory in use after: 68.2 MB.

Unloading 13 unused Assets to reduce memory usage. Loaded Objects now: 1868.
Total: 9.191600 ms (FindLiveObjects: 0.371600 ms CreateObjectMapping: 0.125400 ms MarkObjects: 8.633800 ms  DeleteObjects: 0.057000 ms)

AssetImportParameters requested are different than current active one (requested -> active):
  custom:framework-win-MediaFoundation: 216162199b28c13a410421893ffa2e32 -> 
  custom:video-decoder-ogg-theora: a1e56fd34408186e4bbccfd4996cb3dc -> 
  custom:container-muxer-webm: aa71ff27fc2769a1b78a27578f13a17b -> 
  custom:container-demuxer-webm: 4f35f7cbe854078d1ac9338744f61a02 -> 
  custom:container-demuxer-ogg: 62fdf1f143b41e24485cea50d1cbac27 -> 
  custom:video-encoder-webm-vp8: eb34c28f22e8b96e1ab97ce403110664 -> 
  custom:video-decoder-webm-vp8: 9c59270c3fd7afecdb556c50c9e8de78 -> 
  custom:audio-decoder-ogg-vorbis: bf7c407c2cedff20999df2af8eb42d56 -> 
  custom:audio-encoder-webm-vorbis: bf7c407c2cedff20999df2af8eb42d56 -> 
========================================================================
Received Prepare
Registering precompiled user dll's ...
Registered in 0.029080 seconds.
Begin MonoManager ReloadAssembly
Native extension for WindowsStandalone target not found
Refreshing native plugins compatible for Editor in 0.69 ms, found 2 plugins.
Preloading 0 native plugins for Editor in 0.00 ms.
Mono: successfully reloaded assembly
- Completed reload, in  3.336 seconds
Domain Reload Profiling:
	ReloadAssembly (3337ms)
		BeginReloadAssembly (322ms)
			ExecutionOrderSort (0ms)
			DisableScriptedObjects (13ms)
			BackupInstance (0ms)
			ReleaseScriptingObjects (0ms)
			CreateAndSetChildDomain (83ms)
		EndReloadAssembly (2797ms)
			LoadAssemblies (304ms)
			RebuildTransferFunctionScriptingTraits (0ms)
			SetupTypeCache (811ms)
			ReleaseScriptCaches (3ms)
			RebuildScriptCaches (121ms)
			SetupLoadedEditorAssemblies (1220ms)
				LogAssemblyErrors (0ms)
				InitializePlatformSupportModulesInManaged (16ms)
				SetLoadedEditorAssemblies (1ms)
				RefreshPlugins (1ms)
				BeforeProcessingInitializeOnLoad (231ms)
				ProcessInitializeOnLoadAttributes (939ms)
				ProcessInitializeOnLoadMethodAttributes (11ms)
				AfterProcessingInitializeOnLoad (20ms)
				EditorAssembliesLoaded (1ms)
			ExecutionOrderSort2 (0ms)
			AwakeInstancesAfterBackupRestoration (19ms)
Platform modules already initialized, skipping
Refreshing native plugins compatible for Editor in 0.85 ms, found 2 plugins.
Preloading 0 native plugins for Editor in 0.00 ms.
Unloading 1392 Unused Serialized files (Serialized files now loaded: 0)
System memory in use before: 68.1 MB.
System memory in use after: 68.2 MB.

Unloading 13 unused Assets to reduce memory usage. Loaded Objects now: 1870.
Total: 8.463400 ms (FindLiveObjects: 0.288100 ms CreateObjectMapping: 0.119000 ms MarkObjects: 8.008600 ms  DeleteObjects: 0.044200 ms)

AssetImportParameters requested are different than current active one (requested -> active):
  custom:framework-win-MediaFoundation: 216162199b28c13a410421893ffa2e32 -> 
  custom:video-decoder-ogg-theora: a1e56fd34408186e4bbccfd4996cb3dc -> 
  custom:container-muxer-webm: aa71ff27fc2769a1b78a27578f13a17b -> 
  custom:container-demuxer-webm: 4f35f7cbe854078d1ac9338744f61a02 -> 
  custom:container-demuxer-ogg: 62fdf1f143b41e24485cea50d1cbac27 -> 
  custom:video-encoder-webm-vp8: eb34c28f22e8b96e1ab97ce403110664 -> 
  custom:video-decoder-webm-vp8: 9c59270c3fd7afecdb556c50c9e8de78 -> 
  custom:audio-decoder-ogg-vorbis: bf7c407c2cedff20999df2af8eb42d56 -> 
  custom:audio-encoder-webm-vorbis: bf7c407c2cedff20999df2af8eb42d56 -> 
========================================================================
Received Import Request.
  Time since last request: 72.453210 seconds.
  path: Assets/prefabs/Rock.prefab
  artifactKey: Guid(9b3fceeabf113be4a8b4190a1b987e53) Importer(815301076,1909f56bfc062723c751e8b465ee728b)
Start importing Assets/prefabs/Rock.prefab using Guid(9b3fceeabf113be4a8b4190a1b987e53) Importer(815301076,1909f56bfc062723c751e8b465ee728b)  -> (artifact id: 'c94fa71c7a96a7ecf15ecb6e0873ac75') in 0.195627 seconds 
  Import took 0.202327 seconds .

========================================================================
Received Import Request.
  Time since last request: 5.411490 seconds.
  path: Assets/prefabs/Stones.prefab
  artifactKey: Guid(324c68a23c4b2424b9fed8b91a1c4166) Importer(815301076,1909f56bfc062723c751e8b465ee728b)
Start importing Assets/prefabs/Stones.prefab using Guid(324c68a23c4b2424b9fed8b91a1c4166) Importer(815301076,1909f56bfc062723c751e8b465ee728b)  -> (artifact id: '7aef7cbeea016530817f17b49a127d6a') in 0.035763 seconds 
  Import took 0.043775 seconds .

========================================================================
Received Import Request.
  Time since last request: 7.261027 seconds.
  path: Assets/prefabs/Mushroom.prefab
  artifactKey: Guid(952ec1ac594dab34cb827b541e556263) Importer(815301076,1909f56bfc062723c751e8b465ee728b)
Start importing Assets/prefabs/Mushroom.prefab using Guid(952ec1ac594dab34cb827b541e556263) Importer(815301076,1909f56bfc062723c751e8b465ee728b)  -> (artifact id: 'd0f082a067b754975fcc9423e68ee913') in 0.037544 seconds 
  Import took 0.046424 seconds .

========================================================================
Received Import Request.
  Time since last request: 0.001891 seconds.
  path: Assets/prefabs/Mushroom.prefab
  artifactKey: Guid(952ec1ac594dab34cb827b541e556263) Importer(815301076,1909f56bfc062723c751e8b465ee728b)
Start importing Assets/prefabs/Mushroom.prefab using Guid(952ec1ac594dab34cb827b541e556263) Importer(815301076,1909f56bfc062723c751e8b465ee728b)  -> (artifact id: 'd0f082a067b754975fcc9423e68ee913') in 0.032177 seconds 
  Import took 0.040220 seconds .

========================================================================
Received Import Request.
  Time since last request: 4.449652 seconds.
  path: Assets/prefabs/EnvBranch.prefab
  artifactKey: Guid(e45c9fdc3436e48448996006a50c07fd) Importer(815301076,1909f56bfc062723c751e8b465ee728b)
Start importing Assets/prefabs/EnvBranch.prefab using Guid(e45c9fdc3436e48448996006a50c07fd) Importer(815301076,1909f56bfc062723c751e8b465ee728b)  -> (artifact id: '64e4db3adbdec2f0f431f23d446b831f') in 0.033316 seconds 
  Import took 0.040665 seconds .

========================================================================
Received Prepare
Registering precompiled user dll's ...
Registered in 0.033219 seconds.
Begin MonoManager ReloadAssembly
Native extension for WindowsStandalone target not found
Refreshing native plugins compatible for Editor in 0.78 ms, found 2 plugins.
Preloading 0 native plugins for Editor in 0.00 ms.
Mono: successfully reloaded assembly
- Completed reload, in  3.384 seconds
Domain Reload Profiling:
	ReloadAssembly (3385ms)
		BeginReloadAssembly (376ms)
			ExecutionOrderSort (0ms)
			DisableScriptedObjects (14ms)
			BackupInstance (0ms)
			ReleaseScriptingObjects (0ms)
			CreateAndSetChildDomain (120ms)
		EndReloadAssembly (2817ms)
			LoadAssemblies (313ms)
			RebuildTransferFunctionScriptingTraits (0ms)
			SetupTypeCache (885ms)
			ReleaseScriptCaches (2ms)
			RebuildScriptCaches (123ms)
			SetupLoadedEditorAssemblies (1169ms)
				LogAssemblyErrors (0ms)
				InitializePlatformSupportModulesInManaged (15ms)
				SetLoadedEditorAssemblies (1ms)
				RefreshPlugins (1ms)
				BeforeProcessingInitializeOnLoad (232ms)
				ProcessInitializeOnLoadAttributes (879ms)
				ProcessInitializeOnLoadMethodAttributes (12ms)
				AfterProcessingInitializeOnLoad (27ms)
				EditorAssembliesLoaded (1ms)
			ExecutionOrderSort2 (0ms)
			AwakeInstancesAfterBackupRestoration (24ms)
Platform modules already initialized, skipping
Refreshing native plugins compatible for Editor in 0.67 ms, found 2 plugins.
Preloading 0 native plugins for Editor in 0.00 ms.
Unloading 1392 Unused Serialized files (Serialized files now loaded: 0)
System memory in use before: 68.1 MB.
System memory in use after: 68.2 MB.

Unloading 13 unused Assets to reduce memory usage. Loaded Objects now: 1873.
Total: 9.235100 ms (FindLiveObjects: 1.795300 ms CreateObjectMapping: 0.306300 ms MarkObjects: 7.066300 ms  DeleteObjects: 0.047700 ms)

AssetImportParameters requested are different than current active one (requested -> active):
  custom:framework-win-MediaFoundation: 216162199b28c13a410421893ffa2e32 -> 
  custom:video-decoder-ogg-theora: a1e56fd34408186e4bbccfd4996cb3dc -> 
  custom:container-muxer-webm: aa71ff27fc2769a1b78a27578f13a17b -> 
  custom:container-demuxer-webm: 4f35f7cbe854078d1ac9338744f61a02 -> 
  custom:container-demuxer-ogg: 62fdf1f143b41e24485cea50d1cbac27 -> 
  custom:video-encoder-webm-vp8: eb34c28f22e8b96e1ab97ce403110664 -> 
  custom:video-decoder-webm-vp8: 9c59270c3fd7afecdb556c50c9e8de78 -> 
  custom:audio-decoder-ogg-vorbis: bf7c407c2cedff20999df2af8eb42d56 -> 
  custom:audio-encoder-webm-vorbis: bf7c407c2cedff20999df2af8eb42d56 -> 
========================================================================
Received Prepare
Registering precompiled user dll's ...
Registered in 0.027505 seconds.
Begin MonoManager ReloadAssembly
Native extension for WindowsStandalone target not found
Refreshing native plugins compatible for Editor in 0.70 ms, found 2 plugins.
Preloading 0 native plugins for Editor in 0.00 ms.
Mono: successfully reloaded assembly
- Completed reload, in  3.151 seconds
Domain Reload Profiling:
	ReloadAssembly (3152ms)
		BeginReloadAssembly (321ms)
			ExecutionOrderSort (0ms)
			DisableScriptedObjects (17ms)
			BackupInstance (0ms)
			ReleaseScriptingObjects (0ms)
			CreateAndSetChildDomain (83ms)
		EndReloadAssembly (2634ms)
			LoadAssemblies (310ms)
			RebuildTransferFunctionScriptingTraits (0ms)
			SetupTypeCache (775ms)
			ReleaseScriptCaches (4ms)
			RebuildScriptCaches (120ms)
			SetupLoadedEditorAssemblies (1100ms)
				LogAssemblyErrors (0ms)
				InitializePlatformSupportModulesInManaged (14ms)
				SetLoadedEditorAssemblies (1ms)
				RefreshPlugins (1ms)
				BeforeProcessingInitializeOnLoad (212ms)
				ProcessInitializeOnLoadAttributes (835ms)
				ProcessInitializeOnLoadMethodAttributes (14ms)
				AfterProcessingInitializeOnLoad (23ms)
				EditorAssembliesLoaded (1ms)
			ExecutionOrderSort2 (0ms)
			AwakeInstancesAfterBackupRestoration (22ms)
Platform modules already initialized, skipping
Refreshing native plugins compatible for Editor in 0.68 ms, found 2 plugins.
Preloading 0 native plugins for Editor in 0.00 ms.
Unloading 1392 Unused Serialized files (Serialized files now loaded: 0)
System memory in use before: 68.1 MB.
System memory in use after: 68.2 MB.

Unloading 13 unused Assets to reduce memory usage. Loaded Objects now: 1875.
Total: 6.947500 ms (FindLiveObjects: 0.294000 ms CreateObjectMapping: 0.103300 ms MarkObjects: 6.508900 ms  DeleteObjects: 0.038500 ms)

AssetImportParameters requested are different than current active one (requested -> active):
  custom:framework-win-MediaFoundation: 216162199b28c13a410421893ffa2e32 -> 
  custom:video-decoder-ogg-theora: a1e56fd34408186e4bbccfd4996cb3dc -> 
  custom:container-muxer-webm: aa71ff27fc2769a1b78a27578f13a17b -> 
  custom:container-demuxer-webm: 4f35f7cbe854078d1ac9338744f61a02 -> 
  custom:container-demuxer-ogg: 62fdf1f143b41e24485cea50d1cbac27 -> 
  custom:video-encoder-webm-vp8: eb34c28f22e8b96e1ab97ce403110664 -> 
  custom:video-decoder-webm-vp8: 9c59270c3fd7afecdb556c50c9e8de78 -> 
  custom:audio-decoder-ogg-vorbis: bf7c407c2cedff20999df2af8eb42d56 -> 
  custom:audio-encoder-webm-vorbis: bf7c407c2cedff20999df2af8eb42d56 -> 
========================================================================
Received Import Request.
  Time since last request: 163.443012 seconds.
  path: Assets/prefabs/cloud.prefab
  artifactKey: Guid(006519e03ffe3404f8aadb9dd09bf184) Importer(815301076,1909f56bfc062723c751e8b465ee728b)
Start importing Assets/prefabs/cloud.prefab using Guid(006519e03ffe3404f8aadb9dd09bf184) Importer(815301076,1909f56bfc062723c751e8b465ee728b)  -> (artifact id: '5af412a6caacf58afedaba156649fa7c') in 0.201703 seconds 
  Import took 0.209124 seconds .

========================================================================
Received Import Request.
  Time since last request: 107.306784 seconds.
  path: Assets/materials/grass.mat
  artifactKey: Guid(a83bcdc92e9957740b4e6597aa814dc3) Importer(815301076,1909f56bfc062723c751e8b465ee728b)
Start importing Assets/materials/grass.mat using Guid(a83bcdc92e9957740b4e6597aa814dc3) Importer(815301076,1909f56bfc062723c751e8b465ee728b)  -> (artifact id: 'd4cbf2ab157220db3b2ee2cad4a22d42') in 0.103062 seconds 
  Import took 0.109413 seconds .

========================================================================
Received Import Request.
  Time since last request: 0.000633 seconds.
  path: Assets/materials/rock.mat
  artifactKey: Guid(e158ea71f74c4b84382e0fc56199b232) Importer(815301076,1909f56bfc062723c751e8b465ee728b)
Start importing Assets/materials/rock.mat using Guid(e158ea71f74c4b84382e0fc56199b232) Importer(815301076,1909f56bfc062723c751e8b465ee728b)  -> (artifact id: '7ac36dc8df7bcc8b50119b13220211b4') in 0.032641 seconds 
  Import took 0.039626 seconds .

========================================================================
Received Prepare
Registering precompiled user dll's ...
Registered in 0.029023 seconds.
Begin MonoManager ReloadAssembly
Native extension for WindowsStandalone target not found
Refreshing native plugins compatible for Editor in 0.78 ms, found 2 plugins.
Preloading 0 native plugins for Editor in 0.00 ms.
Mono: successfully reloaded assembly
- Completed reload, in  3.219 seconds
Domain Reload Profiling:
	ReloadAssembly (3220ms)
		BeginReloadAssembly (334ms)
			ExecutionOrderSort (0ms)
			DisableScriptedObjects (12ms)
			BackupInstance (0ms)
			ReleaseScriptingObjects (0ms)
			CreateAndSetChildDomain (96ms)
		EndReloadAssembly (2688ms)
			LoadAssemblies (285ms)
			RebuildTransferFunctionScriptingTraits (0ms)
			SetupTypeCache (765ms)
			ReleaseScriptCaches (2ms)
			RebuildScriptCaches (106ms)
			SetupLoadedEditorAssemblies (1222ms)
				LogAssemblyErrors (0ms)
				InitializePlatformSupportModulesInManaged (16ms)
				SetLoadedEditorAssemblies (1ms)
				RefreshPlugins (1ms)
				BeforeProcessingInitializeOnLoad (222ms)
				ProcessInitializeOnLoadAttributes (943ms)
				ProcessInitializeOnLoadMethodAttributes (15ms)
				AfterProcessingInitializeOnLoad (23ms)
				EditorAssembliesLoaded (1ms)
			ExecutionOrderSort2 (0ms)
			AwakeInstancesAfterBackupRestoration (26ms)
Platform modules already initialized, skipping
Refreshing native plugins compatible for Editor in 0.67 ms, found 2 plugins.
Preloading 0 native plugins for Editor in 0.00 ms.
Unloading 1392 Unused Serialized files (Serialized files now loaded: 0)
System memory in use before: 68.4 MB.
System memory in use after: 68.5 MB.

Unloading 14 unused Assets to reduce memory usage. Loaded Objects now: 1912.
Total: 7.087200 ms (FindLiveObjects: 0.309200 ms CreateObjectMapping: 0.104400 ms MarkObjects: 6.617500 ms  DeleteObjects: 0.053400 ms)

AssetImportParameters requested are different than current active one (requested -> active):
  custom:framework-win-MediaFoundation: 216162199b28c13a410421893ffa2e32 -> 
  custom:video-decoder-ogg-theora: a1e56fd34408186e4bbccfd4996cb3dc -> 
  custom:container-muxer-webm: aa71ff27fc2769a1b78a27578f13a17b -> 
  custom:container-demuxer-webm: 4f35f7cbe854078d1ac9338744f61a02 -> 
  custom:container-demuxer-ogg: 62fdf1f143b41e24485cea50d1cbac27 -> 
  custom:video-encoder-webm-vp8: eb34c28f22e8b96e1ab97ce403110664 -> 
  custom:video-decoder-webm-vp8: 9c59270c3fd7afecdb556c50c9e8de78 -> 
  custom:audio-decoder-ogg-vorbis: bf7c407c2cedff20999df2af8eb42d56 -> 
  custom:audio-encoder-webm-vorbis: bf7c407c2cedff20999df2af8eb42d56 -> 
========================================================================
Received Import Request.
  Time since last request: 19.208078 seconds.
  path: Assets/materials/cloud.mat
  artifactKey: Guid(33762d4829b7c3b41938708bb886694c) Importer(815301076,1909f56bfc062723c751e8b465ee728b)
Start importing Assets/materials/cloud.mat using Guid(33762d4829b7c3b41938708bb886694c) Importer(815301076,1909f56bfc062723c751e8b465ee728b)  -> (artifact id: 'e36d87f1f45d2be185e082f46ad1d998') in 0.148730 seconds 
  Import took 0.155307 seconds .

========================================================================
Received Prepare
Registering precompiled user dll's ...
Registered in 0.023949 seconds.
Begin MonoManager ReloadAssembly
Native extension for WindowsStandalone target not found
Refreshing native plugins compatible for Editor in 0.79 ms, found 2 plugins.
Preloading 0 native plugins for Editor in 0.00 ms.
Mono: successfully reloaded assembly
- Completed reload, in  3.109 seconds
Domain Reload Profiling:
	ReloadAssembly (3111ms)
		BeginReloadAssembly (320ms)
			ExecutionOrderSort (0ms)
			DisableScriptedObjects (12ms)
			BackupInstance (0ms)
			ReleaseScriptingObjects (0ms)
			CreateAndSetChildDomain (82ms)
		EndReloadAssembly (2605ms)
			LoadAssemblies (298ms)
			RebuildTransferFunctionScriptingTraits (0ms)
			SetupTypeCache (796ms)
			ReleaseScriptCaches (2ms)
			RebuildScriptCaches (123ms)
			SetupLoadedEditorAssemblies (1092ms)
				LogAssemblyErrors (0ms)
				InitializePlatformSupportModulesInManaged (18ms)
				SetLoadedEditorAssemblies (1ms)
				RefreshPlugins (1ms)
				BeforeProcessingInitializeOnLoad (201ms)
				ProcessInitializeOnLoadAttributes (838ms)
				ProcessInitializeOnLoadMethodAttributes (12ms)
				AfterProcessingInitializeOnLoad (20ms)
				EditorAssembliesLoaded (1ms)
			ExecutionOrderSort2 (0ms)
			AwakeInstancesAfterBackupRestoration (20ms)
Platform modules already initialized, skipping
Refreshing native plugins compatible for Editor in 0.67 ms, found 2 plugins.
Preloading 0 native plugins for Editor in 0.00 ms.
Unloading 1392 Unused Serialized files (Serialized files now loaded: 0)
System memory in use before: 68.4 MB.
System memory in use after: 68.5 MB.

Unloading 13 unused Assets to reduce memory usage. Loaded Objects now: 1915.
Total: 7.726600 ms (FindLiveObjects: 0.379700 ms CreateObjectMapping: 0.117000 ms MarkObjects: 7.183900 ms  DeleteObjects: 0.042500 ms)

AssetImportParameters requested are different than current active one (requested -> active):
  custom:framework-win-MediaFoundation: 216162199b28c13a410421893ffa2e32 -> 
  custom:video-decoder-ogg-theora: a1e56fd34408186e4bbccfd4996cb3dc -> 
  custom:container-muxer-webm: aa71ff27fc2769a1b78a27578f13a17b -> 
  custom:container-demuxer-webm: 4f35f7cbe854078d1ac9338744f61a02 -> 
  custom:container-demuxer-ogg: 62fdf1f143b41e24485cea50d1cbac27 -> 
  custom:video-encoder-webm-vp8: eb34c28f22e8b96e1ab97ce403110664 -> 
  custom:video-decoder-webm-vp8: 9c59270c3fd7afecdb556c50c9e8de78 -> 
  custom:audio-decoder-ogg-vorbis: bf7c407c2cedff20999df2af8eb42d56 -> 
  custom:audio-encoder-webm-vorbis: bf7c407c2cedff20999df2af8eb42d56 -> 
========================================================================
Received Import Request.
  Time since last request: 790.129677 seconds.
  path: Assets/prefabs/EnvBranch 1.prefab
  artifactKey: Guid(b8084d0cf0b1ae548bf9a80a5104ed03) Importer(815301076,1909f56bfc062723c751e8b465ee728b)
Start importing Assets/prefabs/EnvBranch 1.prefab using Guid(b8084d0cf0b1ae548bf9a80a5104ed03) Importer(815301076,1909f56bfc062723c751e8b465ee728b)  -> (artifact id: 'b6360956f77b9226d4807f0fb933033a') in 0.151730 seconds 
  Import took 0.160291 seconds .

========================================================================
Received Import Request.
  Time since last request: 4.307640 seconds.
  path: Assets/prefabs/tree.prefab
  artifactKey: Guid(b8084d0cf0b1ae548bf9a80a5104ed03) Importer(815301076,1909f56bfc062723c751e8b465ee728b)
Start importing Assets/prefabs/tree.prefab using Guid(b8084d0cf0b1ae548bf9a80a5104ed03) Importer(815301076,1909f56bfc062723c751e8b465ee728b)  -> (artifact id: '390411a699186b58104c5edd45fa2414') in 0.037961 seconds 
  Import took 0.050498 seconds .

========================================================================
Received Import Request.
  Time since last request: 0.030941 seconds.
  path: Assets/prefabs/tree.prefab
  artifactKey: Guid(b8084d0cf0b1ae548bf9a80a5104ed03) Importer(815301076,1909f56bfc062723c751e8b465ee728b)
Start importing Assets/prefabs/tree.prefab using Guid(b8084d0cf0b1ae548bf9a80a5104ed03) Importer(815301076,1909f56bfc062723c751e8b465ee728b)  -> (artifact id: '390411a699186b58104c5edd45fa2414') in 0.027224 seconds 
  Import took 0.034231 seconds .

========================================================================
Received Import Request.
  Time since last request: 20.982998 seconds.
  path: Assets/prefabs/tree.prefab
  artifactKey: Guid(b8084d0cf0b1ae548bf9a80a5104ed03) Importer(815301076,1909f56bfc062723c751e8b465ee728b)
Start importing Assets/prefabs/tree.prefab using Guid(b8084d0cf0b1ae548bf9a80a5104ed03) Importer(815301076,1909f56bfc062723c751e8b465ee728b)  -> (artifact id: '5d01630835daa93ad90da21c8ce2e3d7') in 0.044378 seconds 
  Import took 0.053146 seconds .

========================================================================
Received Import Request.
  Time since last request: 5.737996 seconds.
  path: Assets/prefabs/tree.prefab
  artifactKey: Guid(b8084d0cf0b1ae548bf9a80a5104ed03) Importer(815301076,1909f56bfc062723c751e8b465ee728b)
Start importing Assets/prefabs/tree.prefab using Guid(b8084d0cf0b1ae548bf9a80a5104ed03) Importer(815301076,1909f56bfc062723c751e8b465ee728b)  -> (artifact id: '5f77415b184069e245e5ea3e8fe1ff32') in 0.029596 seconds 
  Import took 0.036523 seconds .

========================================================================
Received Import Request.
  Time since last request: 7.276236 seconds.
  path: Assets/prefabs/tree.prefab
  artifactKey: Guid(b8084d0cf0b1ae548bf9a80a5104ed03) Importer(815301076,1909f56bfc062723c751e8b465ee728b)
Start importing Assets/prefabs/tree.prefab using Guid(b8084d0cf0b1ae548bf9a80a5104ed03) Importer(815301076,1909f56bfc062723c751e8b465ee728b)  -> (artifact id: 'ed315ab02c440314320c18ea3e9c81e0') in 0.037191 seconds 
  Import took 0.043730 seconds .

========================================================================
Received Import Request.
  Time since last request: 2.035797 seconds.
  path: Assets/prefabs/tree.prefab
  artifactKey: Guid(b8084d0cf0b1ae548bf9a80a5104ed03) Importer(815301076,1909f56bfc062723c751e8b465ee728b)
Start importing Assets/prefabs/tree.prefab using Guid(b8084d0cf0b1ae548bf9a80a5104ed03) Importer(815301076,1909f56bfc062723c751e8b465ee728b)  -> (artifact id: 'bf520aaac44362fc2b42661daa1de300') in 0.056617 seconds 
  Import took 0.074202 seconds .

========================================================================
Received Import Request.
  Time since last request: 7.268702 seconds.
  path: Assets/prefabs/tree.prefab
  artifactKey: Guid(b8084d0cf0b1ae548bf9a80a5104ed03) Importer(815301076,1909f56bfc062723c751e8b465ee728b)
Start importing Assets/prefabs/tree.prefab using Guid(b8084d0cf0b1ae548bf9a80a5104ed03) Importer(815301076,1909f56bfc062723c751e8b465ee728b)  -> (artifact id: '66d8ba24eec0b46cc6ec2291cfac5e55') in 0.033437 seconds 
  Import took 0.039888 seconds .

========================================================================
Received Import Request.
  Time since last request: 6.887101 seconds.
  path: Assets/prefabs/tree.prefab
  artifactKey: Guid(b8084d0cf0b1ae548bf9a80a5104ed03) Importer(815301076,1909f56bfc062723c751e8b465ee728b)
Start importing Assets/prefabs/tree.prefab using Guid(b8084d0cf0b1ae548bf9a80a5104ed03) Importer(815301076,1909f56bfc062723c751e8b465ee728b)  -> (artifact id: '2804739a1f23670b589a47c6e47d4dda') in 0.033540 seconds 
  Import took 0.041312 seconds .

========================================================================
Received Import Request.
  Time since last request: 4.276465 seconds.
  path: Assets/prefabs/tree.prefab
  artifactKey: Guid(b8084d0cf0b1ae548bf9a80a5104ed03) Importer(815301076,1909f56bfc062723c751e8b465ee728b)
Start importing Assets/prefabs/tree.prefab using Guid(b8084d0cf0b1ae548bf9a80a5104ed03) Importer(815301076,1909f56bfc062723c751e8b465ee728b)  -> (artifact id: '5c864b54877badeca0d37a38efd3d7fb') in 0.032527 seconds 
  Import took 0.039926 seconds .

========================================================================
Received Import Request.
  Time since last request: 8.413365 seconds.
  path: Assets/prefabs/tree.prefab
  artifactKey: Guid(b8084d0cf0b1ae548bf9a80a5104ed03) Importer(815301076,1909f56bfc062723c751e8b465ee728b)
Start importing Assets/prefabs/tree.prefab using Guid(b8084d0cf0b1ae548bf9a80a5104ed03) Importer(815301076,1909f56bfc062723c751e8b465ee728b)  -> (artifact id: '6fbff62b90a198cf65a6c9bae53588e1') in 0.035542 seconds 
  Import took 0.042814 seconds .

========================================================================
Received Import Request.
  Time since last request: 3.053428 seconds.
  path: Assets/prefabs/tree.prefab
  artifactKey: Guid(b8084d0cf0b1ae548bf9a80a5104ed03) Importer(815301076,1909f56bfc062723c751e8b465ee728b)
Start importing Assets/prefabs/tree.prefab using Guid(b8084d0cf0b1ae548bf9a80a5104ed03) Importer(815301076,1909f56bfc062723c751e8b465ee728b)  -> (artifact id: 'bede4924ef325e0c127db8a00b7c0cf2') in 0.031131 seconds 
  Import took 0.038404 seconds .

========================================================================
Received Import Request.
  Time since last request: 690.872672 seconds.
  path: Assets/prefabs/tree.prefab
  artifactKey: Guid(b8084d0cf0b1ae548bf9a80a5104ed03) Importer(815301076,1909f56bfc062723c751e8b465ee728b)
Start importing Assets/prefabs/tree.prefab using Guid(b8084d0cf0b1ae548bf9a80a5104ed03) Importer(815301076,1909f56bfc062723c751e8b465ee728b)  -> (artifact id: '12b0852d7849f8515da6f5d94bdfd0ec') in 0.038177 seconds 
  Import took 0.049366 seconds .

========================================================================
Received Prepare
Registering precompiled user dll's ...
Registered in 0.027359 seconds.
Begin MonoManager ReloadAssembly
Native extension for WindowsStandalone target not found
Refreshing native plugins compatible for Editor in 1.30 ms, found 2 plugins.
Preloading 0 native plugins for Editor in 0.00 ms.
Mono: successfully reloaded assembly
- Completed reload, in  3.265 seconds
Domain Reload Profiling:
	ReloadAssembly (3267ms)
		BeginReloadAssembly (358ms)
			ExecutionOrderSort (0ms)
			DisableScriptedObjects (13ms)
			BackupInstance (0ms)
			ReleaseScriptingObjects (0ms)
			CreateAndSetChildDomain (80ms)
		EndReloadAssembly (2642ms)
			LoadAssemblies (345ms)
			RebuildTransferFunctionScriptingTraits (0ms)
			SetupTypeCache (816ms)
			ReleaseScriptCaches (2ms)
			RebuildScriptCaches (104ms)
			SetupLoadedEditorAssemblies (1171ms)
				LogAssemblyErrors (0ms)
				InitializePlatformSupportModulesInManaged (16ms)
				SetLoadedEditorAssemblies (1ms)
				RefreshPlugins (2ms)
				BeforeProcessingInitializeOnLoad (241ms)
				ProcessInitializeOnLoadAttributes (875ms)
				ProcessInitializeOnLoadMethodAttributes (13ms)
				AfterProcessingInitializeOnLoad (23ms)
				EditorAssembliesLoaded (1ms)
			ExecutionOrderSort2 (0ms)
			AwakeInstancesAfterBackupRestoration (19ms)
Platform modules already initialized, skipping
Refreshing native plugins compatible for Editor in 0.71 ms, found 2 plugins.
Preloading 0 native plugins for Editor in 0.00 ms.
Unloading 1392 Unused Serialized files (Serialized files now loaded: 0)
System memory in use before: 68.4 MB.
System memory in use after: 68.5 MB.

Unloading 14 unused Assets to reduce memory usage. Loaded Objects now: 1919.
Total: 6.862200 ms (FindLiveObjects: 0.345600 ms CreateObjectMapping: 0.110900 ms MarkObjects: 6.355100 ms  DeleteObjects: 0.048200 ms)

AssetImportParameters requested are different than current active one (requested -> active):
  custom:framework-win-MediaFoundation: 216162199b28c13a410421893ffa2e32 -> 
  custom:video-decoder-ogg-theora: a1e56fd34408186e4bbccfd4996cb3dc -> 
  custom:container-muxer-webm: aa71ff27fc2769a1b78a27578f13a17b -> 
  custom:container-demuxer-webm: 4f35f7cbe854078d1ac9338744f61a02 -> 
  custom:container-demuxer-ogg: 62fdf1f143b41e24485cea50d1cbac27 -> 
  custom:video-encoder-webm-vp8: eb34c28f22e8b96e1ab97ce403110664 -> 
  custom:video-decoder-webm-vp8: 9c59270c3fd7afecdb556c50c9e8de78 -> 
  custom:audio-decoder-ogg-vorbis: bf7c407c2cedff20999df2af8eb42d56 -> 
  custom:audio-encoder-webm-vorbis: bf7c407c2cedff20999df2af8eb42d56 -> 
========================================================================
Received Import Request.
  Time since last request: 11.013899 seconds.
  path: Assets/prefabs/house.prefab
  artifactKey: Guid(49205db2f3e7409418bf405112c1bf23) Importer(815301076,1909f56bfc062723c751e8b465ee728b)
Start importing Assets/prefabs/house.prefab using Guid(49205db2f3e7409418bf405112c1bf23) Importer(815301076,1909f56bfc062723c751e8b465ee728b)  -> (artifact id: '2b735c543060ec338ee24915bd40dd62') in 0.144326 seconds 
  Import took 0.150466 seconds .

========================================================================
Received Import Request.
  Time since last request: 220.666423 seconds.
  path: Assets/textures
  artifactKey: Guid(66b88003ec665bb46a4e58a00d42b158) Importer(815301076,1909f56bfc062723c751e8b465ee728b)
Start importing Assets/textures using Guid(66b88003ec665bb46a4e58a00d42b158) Importer(815301076,1909f56bfc062723c751e8b465ee728b)  -> (artifact id: '2bafff08cac234dbdca814b5eed13f84') in 0.011572 seconds 
  Import took 0.022605 seconds .

========================================================================
Received Import Request.
  Time since last request: 77.216181 seconds.
  path: Assets/textures/crate_ao.png
  artifactKey: Guid(a86c639d4964b8b40bfb3607c9b8ddda) Importer(815301076,1909f56bfc062723c751e8b465ee728b)
Start importing Assets/textures/crate_ao.png using Guid(a86c639d4964b8b40bfb3607c9b8ddda) Importer(815301076,1909f56bfc062723c751e8b465ee728b)  -> (artifact id: '380c61b2643179bbce8640cb0ffd7825') in 0.239952 seconds 
  Import took 0.248361 seconds .

========================================================================
Received Import Request.
  Time since last request: 0.000645 seconds.
  path: Assets/textures/crate_normal.png
  artifactKey: Guid(9459e21a787c3024c9265215f8fbaeb8) Importer(815301076,1909f56bfc062723c751e8b465ee728b)
Start importing Assets/textures/crate_normal.png using Guid(9459e21a787c3024c9265215f8fbaeb8) Importer(815301076,1909f56bfc062723c751e8b465ee728b)  -> (artifact id: 'b0ed806299733b3d3bba31152dbbc90d') in 0.035827 seconds 
  Import took 0.042507 seconds .

========================================================================
Received Import Request.
  Time since last request: 14.199770 seconds.
  path: Assets/Models for Class/LP_Crate.fbx
  artifactKey: Guid(0622a0b7c1b204d44961c0e5b3b1cfce) Importer(815301076,1909f56bfc062723c751e8b465ee728b)
Start importing Assets/Models for Class/LP_Crate.fbx using Guid(0622a0b7c1b204d44961c0e5b3b1cfce) Importer(815301076,1909f56bfc062723c751e8b465ee728b)  -> (artifact id: '3ae2ab2124e3f7a4573753a75327eb3a') in 0.186256 seconds 
  Import took 0.193584 seconds .

========================================================================
Received Import Request.
  Time since last request: 651.674650 seconds.
  path: Assets/Models for Class/LP_Crate.fbx
  artifactKey: Guid(0622a0b7c1b204d44961c0e5b3b1cfce) Importer(815301076,1909f56bfc062723c751e8b465ee728b)
Start importing Assets/Models for Class/LP_Crate.fbx using Guid(0622a0b7c1b204d44961c0e5b3b1cfce) Importer(815301076,1909f56bfc062723c751e8b465ee728b)  -> (artifact id: '095048df7053d3643504eb31b7652642') in 0.056342 seconds 
  Import took 0.065238 seconds .

========================================================================
Received Import Request.
  Time since last request: 3.688585 seconds.
  path: Assets/materials/01 - Default.mat
  artifactKey: Guid(e02f60caf6cbafc4d8ceadfc87565a99) Importer(815301076,1909f56bfc062723c751e8b465ee728b)
Start importing Assets/materials/01 - Default.mat using Guid(e02f60caf6cbafc4d8ceadfc87565a99) Importer(815301076,1909f56bfc062723c751e8b465ee728b)  -> (artifact id: '30a282c57e9a9ccee267e89a336438fc') in 0.036751 seconds 
  Import took 0.045097 seconds .

========================================================================
Received Import Request.
  Time since last request: 55.200381 seconds.
  path: Assets/materials/crate.mat
  artifactKey: Guid(e02f60caf6cbafc4d8ceadfc87565a99) Importer(815301076,1909f56bfc062723c751e8b465ee728b)
Start importing Assets/materials/crate.mat using Guid(e02f60caf6cbafc4d8ceadfc87565a99) Importer(815301076,1909f56bfc062723c751e8b465ee728b)  -> (artifact id: '872e65e5360e58db4349d6457bdd402c') in 0.033797 seconds 
  Import took 0.041281 seconds .

========================================================================
Received Import Request.
  Time since last request: 52.772669 seconds.
  path: Assets/materials/branch.mat
  artifactKey: Guid(b889df1d8d6b608499a4d8fb17b8ee4a) Importer(815301076,1909f56bfc062723c751e8b465ee728b)
Start importing Assets/materials/branch.mat using Guid(b889df1d8d6b608499a4d8fb17b8ee4a) Importer(815301076,1909f56bfc062723c751e8b465ee728b)  -> (artifact id: 'b2b9ae6bdea08d2633247112caf87813') in 0.040652 seconds 
  Import took 0.048880 seconds .

========================================================================
Received Import Request.
  Time since last request: 54.519392 seconds.
  path: Assets/textures/crate_normal.png
  artifactKey: Guid(9459e21a787c3024c9265215f8fbaeb8) Importer(815301076,1909f56bfc062723c751e8b465ee728b)
Start importing Assets/textures/crate_normal.png using Guid(9459e21a787c3024c9265215f8fbaeb8) Importer(815301076,1909f56bfc062723c751e8b465ee728b)  -> (artifact id: '71f68b6bf318e88a0ce22ba4817973a2') in 0.083628 seconds 
  Import took 0.092326 seconds .

========================================================================
Received Import Request.
  Time since last request: 0.002180 seconds.
  path: Assets/textures/crate_normal.png
  artifactKey: Guid(9459e21a787c3024c9265215f8fbaeb8) Importer(815301076,1909f56bfc062723c751e8b465ee728b)
Start importing Assets/textures/crate_normal.png using Guid(9459e21a787c3024c9265215f8fbaeb8) Importer(815301076,1909f56bfc062723c751e8b465ee728b)  -> (artifact id: '71f68b6bf318e88a0ce22ba4817973a2') in 0.036386 seconds 
  Import took 0.046651 seconds .

========================================================================
Received Import Request.
  Time since last request: 77.595441 seconds.
  path: Assets/textures/Grass_01.png
  artifactKey: Guid(b6e1e6f330b40384cbc44ed03e92f0a8) Importer(815301076,1909f56bfc062723c751e8b465ee728b)
Start importing Assets/textures/Grass_01.png using Guid(b6e1e6f330b40384cbc44ed03e92f0a8) Importer(815301076,1909f56bfc062723c751e8b465ee728b)  -> (artifact id: 'c6afc227e4201bbbe1820cdbd376f2a4') in 0.035362 seconds 
  Import took 0.043969 seconds .

========================================================================
Received Import Request.
  Time since last request: 0.000797 seconds.
  path: Assets/textures/Grass_01_Nrm.png
  artifactKey: Guid(b6d142a63e2df83409ed5b11f33f6aa9) Importer(815301076,1909f56bfc062723c751e8b465ee728b)
Start importing Assets/textures/Grass_01_Nrm.png using Guid(b6d142a63e2df83409ed5b11f33f6aa9) Importer(815301076,1909f56bfc062723c751e8b465ee728b)  -> (artifact id: '43cade5d4b493179a6065bd056238550') in 0.030291 seconds 
  Import took 0.037666 seconds .

========================================================================
Received Import Request.
  Time since last request: 0.000754 seconds.
  path: Assets/textures/Grass_01.png
  artifactKey: Guid(b6e1e6f330b40384cbc44ed03e92f0a8) Importer(815301076,1909f56bfc062723c751e8b465ee728b)
Start importing Assets/textures/Grass_01.png using Guid(b6e1e6f330b40384cbc44ed03e92f0a8) Importer(815301076,1909f56bfc062723c751e8b465ee728b)  -> (artifact id: 'c6afc227e4201bbbe1820cdbd376f2a4') in 0.028599 seconds 
  Import took 0.036983 seconds .

========================================================================
Received Import Request.
  Time since last request: 0.000629 seconds.
  path: Assets/textures/Grass_01_Nrm.png
  artifactKey: Guid(b6d142a63e2df83409ed5b11f33f6aa9) Importer(815301076,1909f56bfc062723c751e8b465ee728b)
Start importing Assets/textures/Grass_01_Nrm.png using Guid(b6d142a63e2df83409ed5b11f33f6aa9) Importer(815301076,1909f56bfc062723c751e8b465ee728b)  -> (artifact id: '43cade5d4b493179a6065bd056238550') in 0.030663 seconds 
  Import took 0.040075 seconds .

========================================================================
Received Import Request.
  Time since last request: 21.495273 seconds.
  path: Assets/textures/Grass_01_Nrm.png
  artifactKey: Guid(b6d142a63e2df83409ed5b11f33f6aa9) Importer(815301076,1909f56bfc062723c751e8b465ee728b)
Start importing Assets/textures/Grass_01_Nrm.png using Guid(b6d142a63e2df83409ed5b11f33f6aa9) Importer(815301076,1909f56bfc062723c751e8b465ee728b)  -> (artifact id: '26fd47b463e7a4578d4c7d53c4c05ae5') in 0.029275 seconds 
  Import took 0.037167 seconds .

========================================================================
Received Import Request.
  Time since last request: 40.998767 seconds.
  path: Assets/textures/Grass_02.png
  artifactKey: Guid(33af625eb42ea1c45a383c936ba1a365) Importer(815301076,1909f56bfc062723c751e8b465ee728b)
Start importing Assets/textures/Grass_02.png using Guid(33af625eb42ea1c45a383c936ba1a365) Importer(815301076,1909f56bfc062723c751e8b465ee728b)  -> (artifact id: 'b4926aa4414851193f3fa93abdf3be0b') in 0.046243 seconds 
  Import took 0.056599 seconds .

========================================================================
Received Import Request.
  Time since last request: 0.000624 seconds.
  path: Assets/textures/Grass_02_Nrm.png
  artifactKey: Guid(e019a4d1e91767145b5734250701c22f) Importer(815301076,1909f56bfc062723c751e8b465ee728b)
Start importing Assets/textures/Grass_02_Nrm.png using Guid(e019a4d1e91767145b5734250701c22f) Importer(815301076,1909f56bfc062723c751e8b465ee728b)  -> (artifact id: '29b728cb470783ff60fa43c56aeefcb0') in 0.037508 seconds 
  Import took 0.047674 seconds .

========================================================================
Received Import Request.
  Time since last request: 0.000685 seconds.
  path: Assets/textures/Grass_04.png
  artifactKey: Guid(c6165b86f14b2254798d0ed8aea58731) Importer(815301076,1909f56bfc062723c751e8b465ee728b)
Start importing Assets/textures/Grass_04.png using Guid(c6165b86f14b2254798d0ed8aea58731) Importer(815301076,1909f56bfc062723c751e8b465ee728b)  -> (artifact id: 'd85bdd32ecf70cc41fe0da03c763b95f') in 0.043303 seconds 
  Import took 0.050356 seconds .

========================================================================
Received Import Request.
  Time since last request: 0.000601 seconds.
  path: Assets/textures/Grass_02_Nrm.png
  artifactKey: Guid(e019a4d1e91767145b5734250701c22f) Importer(815301076,1909f56bfc062723c751e8b465ee728b)
Start importing Assets/textures/Grass_02_Nrm.png using Guid(e019a4d1e91767145b5734250701c22f) Importer(815301076,1909f56bfc062723c751e8b465ee728b)  -> (artifact id: '29b728cb470783ff60fa43c56aeefcb0') in 0.032776 seconds 
  Import took 0.040898 seconds .

========================================================================
Received Import Request.
  Time since last request: 0.001341 seconds.
  path: Assets/textures/Grass_03.png
  artifactKey: Guid(002b8f68bcc077f4790b7c917275eb86) Importer(815301076,1909f56bfc062723c751e8b465ee728b)
Start importing Assets/textures/Grass_03.png using Guid(002b8f68bcc077f4790b7c917275eb86) Importer(815301076,1909f56bfc062723c751e8b465ee728b)  -> (artifact id: 'ad65c0eaafbbcb26d633c42f46f63b03') in 0.034893 seconds 
  Import took 0.041669 seconds .

========================================================================
Received Import Request.
  Time since last request: 0.000564 seconds.
  path: Assets/textures/Grass_02.png
  artifactKey: Guid(33af625eb42ea1c45a383c936ba1a365) Importer(815301076,1909f56bfc062723c751e8b465ee728b)
Start importing Assets/textures/Grass_02.png using Guid(33af625eb42ea1c45a383c936ba1a365) Importer(815301076,1909f56bfc062723c751e8b465ee728b)  -> (artifact id: 'b4926aa4414851193f3fa93abdf3be0b') in 0.027349 seconds 
  Import took 0.034706 seconds .

========================================================================
Received Import Request.
  Time since last request: 0.000666 seconds.
  path: Assets/textures/Grass_03_Nrm.png
  artifactKey: Guid(973cdeed27d1ca34ca3a7e3344ee37c4) Importer(815301076,1909f56bfc062723c751e8b465ee728b)
Start importing Assets/textures/Grass_03_Nrm.png using Guid(973cdeed27d1ca34ca3a7e3344ee37c4) Importer(815301076,1909f56bfc062723c751e8b465ee728b)  -> (artifact id: 'f4741ea996bc4da73f5359cd10cd0fed') in 0.031615 seconds 
  Import took 0.038706 seconds .

========================================================================
Received Import Request.
  Time since last request: 0.000691 seconds.
  path: Assets/textures/Grass_04_Nrm.png
  artifactKey: Guid(892b285f657f3e94ebcd2529abf1afb4) Importer(815301076,1909f56bfc062723c751e8b465ee728b)
Start importing Assets/textures/Grass_04_Nrm.png using Guid(892b285f657f3e94ebcd2529abf1afb4) Importer(815301076,1909f56bfc062723c751e8b465ee728b)  -> (artifact id: '61b9baa9885d4e235050e9f2a3efd7d7') in 0.036672 seconds 
  Import took 0.046784 seconds .

========================================================================
Received Import Request.
  Time since last request: 57.138419 seconds.
  path: Assets/textures/Grass_02_Nrm.png
  artifactKey: Guid(e019a4d1e91767145b5734250701c22f) Importer(815301076,1909f56bfc062723c751e8b465ee728b)
Start importing Assets/textures/Grass_02_Nrm.png using Guid(e019a4d1e91767145b5734250701c22f) Importer(815301076,1909f56bfc062723c751e8b465ee728b)  -> (artifact id: 'ececd6824341643d7070376fc041e466') in 0.029482 seconds 
  Import took 0.036679 seconds .

========================================================================
Received Import Request.
  Time since last request: 0.026587 seconds.
  path: Assets/textures/Grass_02_Nrm.png
  artifactKey: Guid(e019a4d1e91767145b5734250701c22f) Importer(815301076,1909f56bfc062723c751e8b465ee728b)
Start importing Assets/textures/Grass_02_Nrm.png using Guid(e019a4d1e91767145b5734250701c22f) Importer(815301076,1909f56bfc062723c751e8b465ee728b)  -> (artifact id: 'ececd6824341643d7070376fc041e466') in 0.038974 seconds 
  Import took 0.047353 seconds .

========================================================================
Received Import Request.
  Time since last request: 276.912794 seconds.
  path: Assets/textures/Rock4.png
  artifactKey: Guid(f3e7da2b3c41ee3468db5be90e1021df) Importer(815301076,1909f56bfc062723c751e8b465ee728b)
Start importing Assets/textures/Rock4.png using Guid(f3e7da2b3c41ee3468db5be90e1021df) Importer(815301076,1909f56bfc062723c751e8b465ee728b)  -> (artifact id: '952d0cd571f180c53aec3e01351b755d') in 0.033432 seconds 
  Import took 0.041837 seconds .

========================================================================
Received Import Request.
  Time since last request: 0.003431 seconds.
  path: Assets/textures/Rock4.png
  artifactKey: Guid(f3e7da2b3c41ee3468db5be90e1021df) Importer(815301076,1909f56bfc062723c751e8b465ee728b)
Start importing Assets/textures/Rock4.png using Guid(f3e7da2b3c41ee3468db5be90e1021df) Importer(815301076,1909f56bfc062723c751e8b465ee728b)  -> (artifact id: '952d0cd571f180c53aec3e01351b755d') in 0.030269 seconds 
  Import took 0.040212 seconds .

AssetImportWorkerClient::OnTransportError - code=2 error=End of file
